Removed Pin From Net: NetName=NO2 Pin=C19-1
Removed Pin From Net: NetName=NO2 Pin=D18-2
Removed Pin From Net: NetName=NO2 Pin=ESD5-2
Removed Pin From Net: NetName=NO2 Pin=P6-2
Removed Pin From Net: NetName=+12VDC Pin=P18-2
Removed Pin From Net: NetName=GND Pin=Q9-3
Removed Pin From Net: NetName=GND Pin=R26-1
Removed Member From Class: ClassName=Actuator Control Member=Q9
Removed Member From Class: ClassName=Actuator Control Member=R25
Removed Member From Class: ClassName=Actuator Control Member=R26
Added Component: Designator=C4(CC3216-1206L)
Add component (AddParameter): Name = "Component Type"; Value = "Capacitor"; VariantName = "[No Variations]"
Add component (AddParameter): Name = "Ozdisan"; Value = "CL31B104KCFNNNE"; VariantName = "[No Variations]"
Add component (AddParameter): Name = "PriceUSD"; Value = "0.001135"; VariantName = "[No Variations]"
Add component (AddParameter): Name = "Stock Code"; Value = ""; VariantName = "[No Variations]"
Add component (AddParameter): Name = "Stock Description"; Value = ""; VariantName = "[No Variations]"
Add component (AddParameter): Name = "Supplier"; Value = ""; VariantName = "[No Variations]"
Added Pin To Net: NetName=NO6 Pin=C4-1
Added Pin To Net: NetName=GND Pin=C4-2
Added Pin To Net: NetName=NO5 Pin=C19-1
Added Pin To Net: NetName=NO5 Pin=D18-2
Added Pin To Net: NetName=NO6 Pin=D19-2
Added Pin To Net: NetName=NO5 Pin=ESD5-2
Added Pin To Net: NetName=NO6 Pin=ESD10-2
Added Pin To Net: NetName=NO2 Pin=K2-1
Added Pin To Net: NetName=GND Pin=K3-1
Added Pin To Net: NetName=NO1 Pin=K4-4
Added Pin To Net: NetName=NO8 Pin=K8-4
Added Pin To Net: NetName=NO5 Pin=P6-2
Added Pin To Net: NetName=GND Pin=P18-1
Added Pin To Net: NetName=NO6 Pin=P18-2
Added Pin To Net: NetName=3V3 Pin=U1-39
Change Net Name : Old Net Name=NO1 New Net Name=NO4
Added Member To Class: ClassName=Actuator Control Member=Component C4 1uF
