Added Component: Designator=Q2(SOT89R_INFINEON)
Add component (AddParameter): Name = "Check_prices"; Value = "https://www.snapeda.com/parts/BCX56-16,115/Nexperia/view-part/?ref=eda"; VariantName = "[No Variations]"
Add component (AddParameter): Name = "MF"; Value = "Nexperia USA"; VariantName = "[No Variations]"
Add component (AddParameter): Name = "MP"; Value = "BCX56-16,115"; VariantName = "[No Variations]"
Add component (AddParameter): Name = "Package"; Value = "SOT89-3 Nexperia USA Inc."; VariantName = "[No Variations]"
Add component (AddParameter): Name = "SnapEDA_Link"; Value = "https://www.snapeda.com/parts/BCX56-16,115/Nexperia/view-part/?ref=snap"; VariantName = "[No Variations]"
Add component (AddParameter): Name = "Value"; Value = ""; VariantName = "[No Variations]"
Added Component: Designator=Q3(SOT89R_INFINEON)
Add component (AddParameter): Name = "Check_prices"; Value = "https://www.snapeda.com/parts/BCX56-16,115/Nexperia/view-part/?ref=eda"; VariantName = "[No Variations]"
Add component (AddParameter): Name = "MF"; Value = "Nexperia USA"; VariantName = "[No Variations]"
Add component (AddParameter): Name = "MP"; Value = "BCX56-16,115"; VariantName = "[No Variations]"
Add component (AddParameter): Name = "Package"; Value = "SOT89-3 Nexperia USA Inc."; VariantName = "[No Variations]"
Add component (AddParameter): Name = "SnapEDA_Link"; Value = "https://www.snapeda.com/parts/BCX56-16,115/Nexperia/view-part/?ref=snap"; VariantName = "[No Variations]"
Add component (AddParameter): Name = "Value"; Value = ""; VariantName = "[No Variations]"
Added Component: Designator=Q4(SOT89R_INFINEON)
Add component (AddParameter): Name = "Check_prices"; Value = "https://www.snapeda.com/parts/BCX56-16,115/Nexperia/view-part/?ref=eda"; VariantName = "[No Variations]"
Add component (AddParameter): Name = "MF"; Value = "Nexperia USA"; VariantName = "[No Variations]"
Add component (AddParameter): Name = "MP"; Value = "BCX56-16,115"; VariantName = "[No Variations]"
Add component (AddParameter): Name = "Package"; Value = "SOT89-3 Nexperia USA Inc."; VariantName = "[No Variations]"
Add component (AddParameter): Name = "SnapEDA_Link"; Value = "https://www.snapeda.com/parts/BCX56-16,115/Nexperia/view-part/?ref=snap"; VariantName = "[No Variations]"
Add component (AddParameter): Name = "Value"; Value = ""; VariantName = "[No Variations]"
Added Component: Designator=Q5(SOT89R_INFINEON)
Add component (AddParameter): Name = "Check_prices"; Value = "https://www.snapeda.com/parts/BCX56-16,115/Nexperia/view-part/?ref=eda"; VariantName = "[No Variations]"
Add component (AddParameter): Name = "MF"; Value = "Nexperia USA"; VariantName = "[No Variations]"
Add component (AddParameter): Name = "MP"; Value = "BCX56-16,115"; VariantName = "[No Variations]"
Add component (AddParameter): Name = "Package"; Value = "SOT89-3 Nexperia USA Inc."; VariantName = "[No Variations]"
Add component (AddParameter): Name = "SnapEDA_Link"; Value = "https://www.snapeda.com/parts/BCX56-16,115/Nexperia/view-part/?ref=snap"; VariantName = "[No Variations]"
Add component (AddParameter): Name = "Value"; Value = ""; VariantName = "[No Variations]"
Added Component: Designator=Q6(SOT89R_INFINEON)
Add component (AddParameter): Name = "Check_prices"; Value = "https://www.snapeda.com/parts/BCX56-16,115/Nexperia/view-part/?ref=eda"; VariantName = "[No Variations]"
Add component (AddParameter): Name = "MF"; Value = "Nexperia USA"; VariantName = "[No Variations]"
Add component (AddParameter): Name = "MP"; Value = "BCX56-16,115"; VariantName = "[No Variations]"
Add component (AddParameter): Name = "Package"; Value = "SOT89-3 Nexperia USA Inc."; VariantName = "[No Variations]"
Add component (AddParameter): Name = "SnapEDA_Link"; Value = "https://www.snapeda.com/parts/BCX56-16,115/Nexperia/view-part/?ref=snap"; VariantName = "[No Variations]"
Add component (AddParameter): Name = "Value"; Value = ""; VariantName = "[No Variations]"
Added Component: Designator=Q7(SOT89R_INFINEON)
Add component (AddParameter): Name = "Check_prices"; Value = "https://www.snapeda.com/parts/BCX56-16,115/Nexperia/view-part/?ref=eda"; VariantName = "[No Variations]"
Add component (AddParameter): Name = "MF"; Value = "Nexperia USA"; VariantName = "[No Variations]"
Add component (AddParameter): Name = "MP"; Value = "BCX56-16,115"; VariantName = "[No Variations]"
Add component (AddParameter): Name = "Package"; Value = "SOT89-3 Nexperia USA Inc."; VariantName = "[No Variations]"
Add component (AddParameter): Name = "SnapEDA_Link"; Value = "https://www.snapeda.com/parts/BCX56-16,115/Nexperia/view-part/?ref=snap"; VariantName = "[No Variations]"
Add component (AddParameter): Name = "Value"; Value = ""; VariantName = "[No Variations]"
Added Component: Designator=Q9(SOT89R_INFINEON)
Add component (AddParameter): Name = "Check_prices"; Value = "https://www.snapeda.com/parts/BCX56-16,115/Nexperia/view-part/?ref=eda"; VariantName = "[No Variations]"
Add component (AddParameter): Name = "MF"; Value = "Nexperia USA"; VariantName = "[No Variations]"
Add component (AddParameter): Name = "MP"; Value = "BCX56-16,115"; VariantName = "[No Variations]"
Add component (AddParameter): Name = "Package"; Value = "SOT89-3 Nexperia USA Inc."; VariantName = "[No Variations]"
Add component (AddParameter): Name = "SnapEDA_Link"; Value = "https://www.snapeda.com/parts/BCX56-16,115/Nexperia/view-part/?ref=snap"; VariantName = "[No Variations]"
Add component (AddParameter): Name = "Value"; Value = ""; VariantName = "[No Variations]"
Added Pin To Net: NetName=GND Pin=K2-1
Added Pin To Net: NetName=Lasers+12VDC Pin=K3-1
Added Pin To Net: NetName=NO7 Pin=K7-4
Added Pin To Net: NetName=NetD12_1 Pin=K8-4
Added Pin To Net: NetName=NetQ2_1 Pin=Q2-1
Added Pin To Net: NetName=NetD8_1 Pin=Q2-2
Added Pin To Net: NetName=NetD8_1 Pin=Q2-2
Added Pin To Net: NetName=GND Pin=Q2-3
Added Pin To Net: NetName=NetQ3_1 Pin=Q3-1
Added Pin To Net: NetName=NetD9_1 Pin=Q3-2
Added Pin To Net: NetName=NetD9_1 Pin=Q3-2
Added Pin To Net: NetName=GND Pin=Q3-3
Added Pin To Net: NetName=NetQ4_1 Pin=Q4-1
Added Pin To Net: NetName=NetD10_1 Pin=Q4-2
Added Pin To Net: NetName=NetD10_1 Pin=Q4-2
Added Pin To Net: NetName=GND Pin=Q4-3
Added Pin To Net: NetName=NetQ5_1 Pin=Q5-1
Added Pin To Net: NetName=NetD11_1 Pin=Q5-2
Added Pin To Net: NetName=NetD11_1 Pin=Q5-2
Added Pin To Net: NetName=GND Pin=Q5-3
Added Pin To Net: NetName=NetQ6_1 Pin=Q6-1
Added Pin To Net: NetName=NetD12_1 Pin=Q6-2
Added Pin To Net: NetName=NetD12_1 Pin=Q6-2
Added Pin To Net: NetName=GND Pin=Q6-3
Added Pin To Net: NetName=NetQ7_1 Pin=Q7-1
Added Pin To Net: NetName=NetD13_1 Pin=Q7-2
Added Pin To Net: NetName=NetD13_1 Pin=Q7-2
Added Pin To Net: NetName=GND Pin=Q7-3
Added Pin To Net: NetName=NetQ9_1 Pin=Q9-1
Added Pin To Net: NetName=NetD19_2 Pin=Q9-2
Added Pin To Net: NetName=NetD19_2 Pin=Q9-2
Added Pin To Net: NetName=GND Pin=Q9-3
Added Pin To Net: NetName=NetU1_1 Pin=U1-39
Added Member To Class: ClassName=Actuator Control Member=Component Q2 BCX56
Added Member To Class: ClassName=Actuator Control Member=Component Q3 BCX56
Added Member To Class: ClassName=Actuator Control Member=Component Q4 BCX56
Added Member To Class: ClassName=Actuator Control Member=Component Q5 BCX56
Added Member To Class: ClassName=Actuator Control Member=Component Q6 BCX56
Added Member To Class: ClassName=Actuator Control Member=Component Q7 BCX56
Added Member To Class: ClassName=Actuator Control Member=Component Q9 BCX56
