Removed Pin From Net: NetName=LED1 Pin=U1-43
Removed Pin From Net: NetName=LED2 Pin=U1-44
Removed Pin From Net: NetName=STM32_TX3 Pin=U1-45
Removed Pin From Net: NetName=STM32_RX3 Pin=U1-46
Removed Pin From Net: NetName=Step1 Pin=U1-47
Removed Pin From Net: NetName=Step2 Pin=U1-48
Removed Pin From Net: NetName=Step3 Pin=U1-49
Removed Pin From Net: NetName=Step4 Pin=U1-50
Removed Pin From Net: NetName=SCL Pin=U1-60
Removed Pin From Net: NetName=SDA Pin=U1-63
Removed Pin From Net: NetName=S_TXD Pin=U1-65
Removed Pin From Net: NetName=S_RXD Pin=U1-66
Removed Pin From Net: NetName=MOD_EN Pin=U1-67
Removed Pin From Net: NetName=MOD_TX Pin=U1-68
Removed Pin From Net: NetName=MOD_RX Pin=U1-69
Removed Pin From Net: NetName=Button Pin=U1-70
Removed Pin From Net: NetName=S1 Pin=U1-72
Removed Pin From Net: NetName=S2 Pin=U1-73
Removed Pin From Net: NetName=GND Pin=U1-102
Removed Pin From Net: NetName=GND Pin=U1-103
Added Pin To Net: NetName=NO2 Pin=K2-1
Added Pin To Net: NetName=GND Pin=K3-1
Added Pin To Net: NetName=NetU1_1 Pin=U1-39
