Removed Pin From Net: NetName=TX_Direct Pin=ESD7-2
Removed Pin From Net: NetName=TX_Direct Pin=P12-1
Change Component Designator: OldDesignator=U? NewDesignator=U4
Added Component: Designator=U5(SOT95P280X145-6N)
Add component (AddParameter): Name = "Check_prices"; Value = "https://www.snapeda.com/parts/SN74LVC1T45DBVT/Texas+Instruments/view-part/?ref=eda"; VariantName = "[No Variations]"
Add component (AddParameter): Name = "MF"; Value = "Texas Instruments"; VariantName = "[No Variations]"
Add component (AddParameter): Name = "MP"; Value = "SN74LVC1T45DBVT"; VariantName = "[No Variations]"
Add component (AddParameter): Name = "Package"; Value = "SOT-23-6 Texas Instruments"; VariantName = "[No Variations]"
Add component (AddParameter): Name = "SnapEDA_Link"; Value = "https://www.snapeda.com/parts/SN74LVC1T45DBVT/Texas+Instruments/view-part/?ref=snap"; VariantName = "[No Variations]"
Add component (AddParameter): Name = "Value"; Value = ""; VariantName = "[No Variations]"
Added Pin To Net: NetName=CAN_TX Pin=U1-13
Added Pin To Net: NetName=CAN_RX Pin=U1-15
Added Pin To Net: NetName=CAN_TX Pin=U1-51
Added Pin To Net: NetName=CAN_RX Pin=U1-53
Added Pin To Net: NetName=+3V3 Pin=U5-1
Added Pin To Net: NetName=GND Pin=U5-2
Added Pin To Net: NetName=TX_Direct Pin=U5-4
Added Pin To Net: NetName=+3V3 Pin=U5-5
Added Pin To Net: NetName=+5VDC Pin=U5-6
Added Pin To Net: NetName=TX_Direct_5V Pin=ESD7-2
Added Pin To Net: NetName=TX_Direct_5V Pin=P12-1
Added Pin To Net: NetName=TX_Direct_5V Pin=U5-3
Added Net: Name=TX_Direct_5V
Added Member To Class: ClassName=STM32 Control Member=Component U5 SN74LVC1T45DBVT
