Removed Pin From Net: NetName=LED1 Pin=U1-5
Removed Pin From Net: NetName=LED2 Pin=U1-6
Removed Pin From Net: NetName=STM32_TX3 Pin=U1-7
Removed Pin From Net: NetName=STM32_RX3 Pin=U1-8
Removed Pin From Net: NetName=Step1 Pin=U1-9
Removed Pin From Net: NetName=Step2 Pin=U1-10
Removed Pin From Net: NetName=Step3 Pin=U1-11
Removed Pin From Net: NetName=Step4 Pin=U1-12
Removed Pin From Net: NetName=GND Pin=U1-14
Removed Pin From Net: NetName=NetC10_1 Pin=U1-19
Removed Pin From Net: NetName=S2 Pin=U1-23
Removed Pin From Net: NetName=S1 Pin=U1-24
Removed Pin From Net: NetName=Button Pin=U1-26
Removed Pin From Net: NetName=MOD_RX Pin=U1-27
Removed Pin From Net: NetName=MOD_TX Pin=U1-28
Removed Pin From Net: NetName=MOD_EN Pin=U1-29
Removed Pin From Net: NetName=S_RXD Pin=U1-30
Removed Pin From Net: NetName=S_TXD Pin=U1-31
Removed Pin From Net: NetName=GND Pin=U1-32
Removed Pin From Net: NetName=SDA Pin=U1-33
Removed Pin From Net: NetName=SCL Pin=U1-36
Removed Pin From Net: NetName=GND Pin=U1-38
Removed Pin From Net: NetName=3V3 Pin=U1-39
Removed Pin From Net: NetName=GND Pin=U1-58
Removed Pin From Net: NetName=GND Pin=U1-64
Removed Member From Class: ClassName=Servo Bus Controller Member=U1
Added Component: Designator=U?(MODULE_DEVKIT_V1_ESP32-WROOM-32)
Add component (AddParameter): Name = "Check_prices"; Value = "https://www.snapeda.com/parts/DEVKIT%20V1%20ESP32-WROOM-32/Espressif+Systems/view-part/?ref=eda"; VariantName = "[No Variations]"
Add component (AddParameter): Name = "MF"; Value = "Espressif Systems"; VariantName = "[No Variations]"
Add component (AddParameter): Name = "MP"; Value = "DEVKIT V1 ESP32-WROOM-32"; VariantName = "[No Variations]"
Add component (AddParameter): Name = "Package"; Value = "Package"; VariantName = "[No Variations]"
Add component (AddParameter): Name = "SnapEDA_Link"; Value = "https://www.snapeda.com/parts/DEVKIT%20V1%20ESP32-WROOM-32/Espressif+Systems/view-part/?ref=snap"; VariantName = "[No Variations]"
Add component (AddParameter): Name = "Value"; Value = ""; VariantName = "[No Variations]"
Added Pin To Net: NetName=NO2 Pin=K2-1
Added Pin To Net: NetName=GND Pin=K3-1
Added Pin To Net: NetName=LED1 Pin=U?-5
Added Pin To Net: NetName=LED2 Pin=U?-6
Added Pin To Net: NetName=STM32_TX3 Pin=U?-7
Added Pin To Net: NetName=STM32_RX3 Pin=U?-8
Added Pin To Net: NetName=Step1 Pin=U?-9
Added Pin To Net: NetName=Step2 Pin=U?-10
Added Pin To Net: NetName=Step3 Pin=U?-11
Added Pin To Net: NetName=Step4 Pin=U?-12
Added Pin To Net: NetName=GND Pin=U?-14
Added Pin To Net: NetName=NetC10_1 Pin=U?-19
Added Pin To Net: NetName=S2 Pin=U?-23
Added Pin To Net: NetName=S1 Pin=U?-24
Added Pin To Net: NetName=Button Pin=U?-26
Added Pin To Net: NetName=MOD_RX Pin=U?-27
Added Pin To Net: NetName=MOD_TX Pin=U?-28
Added Pin To Net: NetName=MOD_EN Pin=U?-29
Added Pin To Net: NetName=S_RXD Pin=U?-30
Added Pin To Net: NetName=S_TXD Pin=U?-31
Added Pin To Net: NetName=GND Pin=U?-32
Added Pin To Net: NetName=SDA Pin=U?-33
Added Pin To Net: NetName=SCL Pin=U?-36
Added Pin To Net: NetName=GND Pin=U?-38
Added Pin To Net: NetName=3V3 Pin=U?-39
Added Pin To Net: NetName=LED1 Pin=U?-43
Added Pin To Net: NetName=LED2 Pin=U?-44
Added Pin To Net: NetName=STM32_TX3 Pin=U?-45
Added Pin To Net: NetName=STM32_RX3 Pin=U?-46
Added Pin To Net: NetName=Step1 Pin=U?-47
Added Pin To Net: NetName=Step2 Pin=U?-48
Added Pin To Net: NetName=Step3 Pin=U?-49
Added Pin To Net: NetName=Step4 Pin=U?-50
Added Pin To Net: NetName=GND Pin=U?-52
Added Pin To Net: NetName=NetC10_1 Pin=U?-57
Added Pin To Net: NetName=GND Pin=U?-58
Added Pin To Net: NetName=SCL Pin=U?-60
Added Pin To Net: NetName=SDA Pin=U?-63
Added Pin To Net: NetName=GND Pin=U?-64
Added Pin To Net: NetName=S_TXD Pin=U?-65
Added Pin To Net: NetName=S_RXD Pin=U?-66
Added Pin To Net: NetName=MOD_EN Pin=U?-67
Added Pin To Net: NetName=MOD_TX Pin=U?-68
Added Pin To Net: NetName=MOD_RX Pin=U?-69
Added Pin To Net: NetName=Button Pin=U?-70
Added Pin To Net: NetName=S1 Pin=U?-72
Added Pin To Net: NetName=S2 Pin=U?-73
Added Pin To Net: NetName=NetC10_1 Pin=U?-101
Added Pin To Net: NetName=GND Pin=U?-102
Added Pin To Net: NetName=GND Pin=U?-103
Added Pin To Net: NetName=NetC10_1 Pin=U?-104
Added Pin To Net: NetName=NetU?_1 Pin=U?-1
Added Pin To Net: NetName=NetU?_1 Pin=U?-39
Added Net: Name=NetU?_1
Added Pin To Net: NetName=NetU?_2 Pin=U?-2
Added Pin To Net: NetName=NetU?_2 Pin=U?-40
Added Net: Name=NetU?_2
Added Pin To Net: NetName=NetU?_3 Pin=U?-3
Added Pin To Net: NetName=NetU?_3 Pin=U?-41
Added Net: Name=NetU?_3
Added Pin To Net: NetName=NetU?_4 Pin=U?-4
Added Pin To Net: NetName=NetU?_4 Pin=U?-42
Added Net: Name=NetU?_4
Added Pin To Net: NetName=NetU?_13 Pin=U?-13
Added Pin To Net: NetName=NetU?_13 Pin=U?-51
Added Net: Name=NetU?_13
Added Pin To Net: NetName=NetU?_15 Pin=U?-15
Added Pin To Net: NetName=NetU?_15 Pin=U?-53
Added Net: Name=NetU?_15
Added Pin To Net: NetName=NetU?_16 Pin=U?-16
Added Pin To Net: NetName=NetU?_16 Pin=U?-54
Added Net: Name=NetU?_16
Added Pin To Net: NetName=NetU?_17 Pin=U?-17
Added Pin To Net: NetName=NetU?_17 Pin=U?-55
Added Net: Name=NetU?_17
Added Pin To Net: NetName=NetU?_18 Pin=U?-18
Added Pin To Net: NetName=NetU?_18 Pin=U?-56
Added Net: Name=NetU?_18
Added Pin To Net: NetName=NetU?_20 Pin=U?-20
Added Pin To Net: NetName=NetU?_20 Pin=U?-76
Added Net: Name=NetU?_20
Added Pin To Net: NetName=NetU?_21 Pin=U?-21
Added Pin To Net: NetName=NetU?_21 Pin=U?-75
Added Net: Name=NetU?_21
Added Pin To Net: NetName=NetU?_22 Pin=U?-22
Added Pin To Net: NetName=NetU?_22 Pin=U?-74
Added Net: Name=NetU?_22
Added Pin To Net: NetName=NetU?_25 Pin=U?-25
Added Pin To Net: NetName=NetU?_25 Pin=U?-71
Added Net: Name=NetU?_25
Added Pin To Net: NetName=NetU?_34 Pin=U?-34
Added Pin To Net: NetName=NetU?_34 Pin=U?-62
Added Net: Name=NetU?_34
Added Pin To Net: NetName=NetU?_35 Pin=U?-35
Added Pin To Net: NetName=NetU?_35 Pin=U?-61
Added Net: Name=NetU?_35
Added Pin To Net: NetName=NetU?_37 Pin=U?-37
Added Pin To Net: NetName=NetU?_37 Pin=U?-59
Added Net: Name=NetU?_37
Added Member To Class: ClassName=Servo Bus Controller Member=Component U? ESP32-DEVKIT_V1_ESP32-WROOM-32
