Removed Pin From Net: NetName=GND Pin=P?-1
Change Component Designator: OldDesignator=P? NewDesignator=P17
Change Component Designator: OldDesignator=P? NewDesignator=P18
Change Component Designator: OldDesignator=Q? NewDesignator=Q9
Change Component Designator: OldDesignator=R? NewDesignator=R25
Added Pin To Net: NetName=GND Pin=K2-1
Added Pin To Net: NetName=Lasers+12VDC Pin=K3-1
Added Pin To Net: NetName=+12VDC Pin=P18-1
Add Pin To Net: Unknown Pin: Pin P19-1
Add Pin To Net: Unknown Pin: Pin P19-2
Add Pin To Net: Unknown Pin: Pin P19-3
Add Pin To Net: Unknown Pin: Pin P19-4
Add Pin To Net: Unknown Pin: Pin P19-5
Add Pin To Net: Unknown Pin: Pin P20-1
Add Pin To Net: Unknown Pin: Pin P20-2
Add Pin To Net: Unknown Pin: Pin P20-3
Add Pin To Net: Unknown Pin: Pin P20-4
Add Pin To Net: Unknown Pin: Pin P20-5
Add Pin To Net: Unknown Pin: Pin P21-1
Add Pin To Net: Unknown Pin: Pin P21-2
Add Pin To Net: Unknown Pin: Pin P21-3
Add Pin To Net: Unknown Pin: Pin P21-4
Add Pin To Net: Unknown Pin: Pin P21-5
Added Pin To Net: NetName=SDA Pin=U1-33
Added Pin To Net: NetName=SCL Pin=U1-36
Change Net Name : Old Net Name=NetP?_2 New Net Name=NetP18_2
Change Net Name : Old Net Name=NetQ?_1 New Net Name=NetQ9_1
Added Member To Class: ClassName=Actuator Control Member=Component P18 CONNECTOR, 1x2, 2P
Add Class Member: Failed to add class member : Component P19 CONNECTOR, 1x5, 5P
Add Class Member: Failed to add class member : Component P20 CONNECTOR, 1x5, 5P
Add Class Member: Failed to add class member : Component P21 CONNECTOR, 1x5, 5P
