Removed Pin From Net: NetName=GND Pin=*-2
Change Component Designator: OldDesignator=P? NewDesignator=P17
Added Component: Designator=P18(HDR_MALE_1X2_2.50mm_JST)
Add component (AddParameter): Name = "Component Type"; Value = "Connector"; VariantName = "[No Variations]"
Add component (AddParameter): Name = "Ozdisan"; Value = "DG128-5.0-02P-14-00AH"; VariantName = "[No Variations]"
Add component (AddParameter): Name = "PriceUSD"; Value = "0.10443"; VariantName = "[No Variations]"
Add component (AddParameter): Name = "Stock Code"; Value = ""; VariantName = "[No Variations]"
Add component (AddParameter): Name = "Stock Description"; Value = ""; VariantName = "[No Variations]"
Add component (AddParameter): Name = "Supplier"; Value = ""; VariantName = "[No Variations]"
Added Component: Designator=Q9(SOT89R_INFINEON)
Add component (AddParameter): Name = "Check_prices"; Value = "https://www.snapeda.com/parts/BCX56-16,115/Nexperia/view-part/?ref=eda"; VariantName = "[No Variations]"
Add component (AddParameter): Name = "MF"; Value = "Nexperia USA"; VariantName = "[No Variations]"
Add component (AddParameter): Name = "MP"; Value = "BCX56-16,115"; VariantName = "[No Variations]"
Add component (AddParameter): Name = "Package"; Value = "SOT89-3 Nexperia USA Inc."; VariantName = "[No Variations]"
Add component (AddParameter): Name = "SnapEDA_Link"; Value = "https://www.snapeda.com/parts/BCX56-16,115/Nexperia/view-part/?ref=snap"; VariantName = "[No Variations]"
Add component (AddParameter): Name = "Value"; Value = ""; VariantName = "[No Variations]"
Added Component: Designator=R25(CR3216-1206l)
Add component (AddParameter): Name = "Component Type"; Value = "Resistor"; VariantName = "[No Variations]"
Add component (AddParameter): Name = "Ozdisan"; Value = "RC1206JR-074K7L"; VariantName = "[No Variations]"
Add component (AddParameter): Name = "PriceUSD"; Value = "0.0000351"; VariantName = "[No Variations]"
Add component (AddParameter): Name = "Stock Code"; Value = ""; VariantName = "[No Variations]"
Add component (AddParameter): Name = "Stock Description"; Value = ""; VariantName = "[No Variations]"
Add component (AddParameter): Name = "Supplier"; Value = ""; VariantName = "[No Variations]"
Added Pin To Net: NetName=NO2 Pin=K2-1
Added Pin To Net: NetName=GND Pin=K3-1
Added Pin To Net: NetName=+12VDC Pin=P18-1
Add Pin To Net: Unknown Pin: Pin P19-1
Add Pin To Net: Unknown Pin: Pin P19-2
Add Pin To Net: Unknown Pin: Pin P19-3
Add Pin To Net: Unknown Pin: Pin P19-4
Add Pin To Net: Unknown Pin: Pin P19-5
Add Pin To Net: Unknown Pin: Pin P20-1
Add Pin To Net: Unknown Pin: Pin P20-2
Add Pin To Net: Unknown Pin: Pin P20-3
Add Pin To Net: Unknown Pin: Pin P20-4
Add Pin To Net: Unknown Pin: Pin P20-5
Add Pin To Net: Unknown Pin: Pin P21-1
Add Pin To Net: Unknown Pin: Pin P21-2
Add Pin To Net: Unknown Pin: Pin P21-3
Add Pin To Net: Unknown Pin: Pin P21-4
Add Pin To Net: Unknown Pin: Pin P21-5
Added Pin To Net: NetName=GND Pin=Power Input1-2
Added Pin To Net: NetName=GND Pin=Power Input2-2
Added Pin To Net: NetName=GND Pin=Q9-3
Added Pin To Net: NetName=PB12 Pin=R25-2
Added Pin To Net: NetName=K3 Pin=U1-33
Added Pin To Net: NetName=K2 Pin=U1-36
Added Pin To Net: NetName=NetP18_2 Pin=P18-2
Added Pin To Net: NetName=NetP18_2 Pin=Q9-2
Added Net: Name=NetP18_2
Added Pin To Net: NetName=NetQ9_1 Pin=Q9-1
Added Pin To Net: NetName=NetQ9_1 Pin=R25-1
Added Net: Name=NetQ9_1
Added Member To Class: ClassName=Actuator Control Member=Component P17 CONNECTOR, 1x2, 2P
Added Member To Class: ClassName=Actuator Control Member=Component P18 CONNECTOR, 1x2, 2P
Add Class Member: Failed to add class member : Component P19 CONNECTOR, 1x5, 5P
Add Class Member: Failed to add class member : Component P20 CONNECTOR, 1x5, 5P
Add Class Member: Failed to add class member : Component P21 CONNECTOR, 1x5, 5P
Added Member To Class: ClassName=Actuator Control Member=Component Q9 BCX56
Added Member To Class: ClassName=Actuator Control Member=Component R25 1K
