Removed Pin From Net: NetName=BOOT Pin=BOOT1-1
Removed Pin From Net: NetName=BOOT Pin=BOOT1-2
Removed Pin From Net: NetName=Power - Pin=BOOT1-3
Removed Pin From Net: NetName=Power - Pin=BOOT1-4
Removed Pin From Net: NetName=Button Pin=BOOT2-1
Removed Pin From Net: NetName=Button Pin=BOOT2-2
Removed Pin From Net: NetName=Power - Pin=BOOT2-3
Removed Pin From Net: NetName=Power - Pin=BOOT2-4
Removed Pin From Net: NetName=BOOT Pin=C4-1
Removed Pin From Net: NetName=Power - Pin=C4-2
Removed Pin From Net: NetName=Button Pin=C5-1
Removed Pin From Net: NetName=Power - Pin=C5-2
Removed Pin From Net: NetName=BOOT Pin=R25-1
Removed Pin From Net: NetName=+3V3 Pin=R25-2
Removed Pin From Net: NetName=Button Pin=R26-1
Removed Pin From Net: NetName=+3V3 Pin=R26-2
Removed Pin From Net: NetName=K4 Pin=U1-10
Removed Pin From Net: NetName=K5 Pin=U1-11
Removed Pin From Net: NetName=K6 Pin=U1-12
Removed Member From Class: ClassName=Servo Bus Controller Member=BOOT1
Removed Member From Class: ClassName=Servo Bus Controller Member=BOOT2
Removed Member From Class: ClassName=Servo Bus Controller Member=C4
Removed Member From Class: ClassName=Servo Bus Controller Member=C5
Removed Member From Class: ClassName=Servo Bus Controller Member=R25
Removed Member From Class: ClassName=Servo Bus Controller Member=R26
Removed Member From Class: ClassName=Actuator Control Member=R43
Removed Member From Class: ClassName=Actuator Control Member=R44
Removed Member From Class: ClassName=Actuator Control Member=SW1
Added Pin To Net: NetName=NO2 Pin=K2-1
Added Pin To Net: NetName=Power - Pin=K3-1
Added Pin To Net: NetName=STM32_TX3 Pin=U1-10
Added Pin To Net: NetName=STM32_RX3 Pin=U1-11
Added Pin To Net: NetName=K3 Pin=U1-33
Added Pin To Net: NetName=K2 Pin=U1-36
Added Member To Class: ClassName=Servo Bus Controller Member=Component R43 4k7
Added Member To Class: ClassName=Servo Bus Controller Member=Component R44 4k7
Added Member To Class: ClassName=Servo Bus Controller Member=Component SW1 DIP Switch
