Removed Pin From Net: NetName=Power - Pin=D11-1
Removed Pin From Net: NetName=K7 Pin=D11-2
Removed Pin From Net: NetName=Power - Pin=D12-1
Removed Pin From Net: NetName=K8 Pin=D12-2
Removed Pin From Net: NetName=Power - Pin=D13-1
Removed Pin From Net: NetName=K9 Pin=D13-2
Removed Pin From Net: NetName=NO1 Pin=K1-4
Removed Pin From Net: NetName=NO2 Pin=K2-4
Removed Pin From Net: NetName=NO3 Pin=K3-4
Removed Pin From Net: NetName=Power - Pin=K7-1
Removed Pin From Net: NetName=K7 Pin=K7-2
Removed Pin From Net: NetName=Power - Pin=K8-1
Removed Pin From Net: NetName=K8 Pin=K8-2
Removed Pin From Net: NetName=Power - Pin=K9-1
Removed Pin From Net: NetName=K9 Pin=K9-2
Removed Pin From Net: NetName=COM1 Pin=K9-3
Removed Pin From Net: NetName=NO9 Pin=K9-4
Removed Pin From Net: NetName=COM1 Pin=P1-2
Removed Pin From Net: NetName=NetD8_1 Pin=Q5-2
Removed Pin From Net: NetName=NetD9_1 Pin=Q6-2
Removed Pin From Net: NetName=NetD10_1 Pin=Q7-2
Removed Pin From Net: NetName=K1 Pin=U1-7
Removed Pin From Net: NetName=K2 Pin=U1-8
Removed Pin From Net: NetName=K3 Pin=U1-9
Removed Pin From Net: NetName=buzzer Pin=U1-33
Removed Pin From Net: NetName=CAN_RX Pin=U1-36
Removed Pin From Net: NetName=CAN_TX Pin=U1-37
Added Component: Designator=12(LED1206)
Add component (AddParameter): Name = "Component Type"; Value = "Diode"; VariantName = "[No Variations]"
Add component (AddParameter): Name = "Ozdisan"; Value = "HL-PC-3216U51GC"; VariantName = "[No Variations]"
Add component (AddParameter): Name = "PriceUSD"; Value = "0.0016"; VariantName = "[No Variations]"
Add component (AddParameter): Name = "Stock Code"; Value = ""; VariantName = "[No Variations]"
Add component (AddParameter): Name = "Stock Description"; Value = ""; VariantName = "[No Variations]"
Add component (AddParameter): Name = "Supplier"; Value = ""; VariantName = "[No Variations]"
Added Component: Designator=13(LED1206)
Add component (AddParameter): Name = "Component Type"; Value = "Diode"; VariantName = "[No Variations]"
Add component (AddParameter): Name = "Ozdisan"; Value = "HL-PC-3216U51GC"; VariantName = "[No Variations]"
Add component (AddParameter): Name = "PriceUSD"; Value = "0.0016"; VariantName = "[No Variations]"
Add component (AddParameter): Name = "Stock Code"; Value = ""; VariantName = "[No Variations]"
Add component (AddParameter): Name = "Stock Description"; Value = ""; VariantName = "[No Variations]"
Add component (AddParameter): Name = "Supplier"; Value = ""; VariantName = "[No Variations]"
Added Component: Designator=Bead1(CL3216-1206L)
Add component (AddParameter): Name = "Component Type"; Value = "Inductor"; VariantName = "[No Variations]"
Add component (AddParameter): Name = "Ozdisan"; Value = "LCB3216-100Y-N"; VariantName = "[No Variations]"
Add component (AddParameter): Name = "PriceUSD"; Value = "0.002305"; VariantName = "[No Variations]"
Add component (AddParameter): Name = "Stock Code"; Value = ""; VariantName = "[No Variations]"
Add component (AddParameter): Name = "Stock Description"; Value = ""; VariantName = "[No Variations]"
Add component (AddParameter): Name = "Supplier"; Value = ""; VariantName = "[No Variations]"
Added Component: Designator=Button1(SWITCH TACTILE SMD 6x6 4.3mm)
Add component (AddParameter): Name = "Component Type"; Value = "Switch"; VariantName = "[No Variations]"
Add component (AddParameter): Name = "Ozdisan"; Value = "DTSM-61S-V-T/R"; VariantName = "[No Variations]"
Add component (AddParameter): Name = "PriceUSD"; Value = "0.22264"; VariantName = "[No Variations]"
Add component (AddParameter): Name = "Stock Code"; Value = ""; VariantName = "[No Variations]"
Add component (AddParameter): Name = "Stock Description"; Value = ""; VariantName = "[No Variations]"
Add component (AddParameter): Name = "Supplier"; Value = ""; VariantName = "[No Variations]"
Added Component: Designator=C21(CC3216-1206L)
Add component (AddParameter): Name = "Component Type"; Value = "Capacitor"; VariantName = "[No Variations]"
Add component (AddParameter): Name = "Ozdisan"; Value = "CL31B104KCFNNNE"; VariantName = "[No Variations]"
Add component (AddParameter): Name = "PriceUSD"; Value = "0.001135"; VariantName = "[No Variations]"
Add component (AddParameter): Name = "Stock Code"; Value = ""; VariantName = "[No Variations]"
Add component (AddParameter): Name = "Stock Description"; Value = ""; VariantName = "[No Variations]"
Add component (AddParameter): Name = "Supplier"; Value = ""; VariantName = "[No Variations]"
Added Component: Designator=C22(CC3216-1206L)
Add component (AddParameter): Name = "Component Type"; Value = "Capacitor"; VariantName = "[No Variations]"
Add component (AddParameter): Name = "Ozdisan"; Value = "CL31B104KCFNNNE"; VariantName = "[No Variations]"
Add component (AddParameter): Name = "PriceUSD"; Value = "0.001135"; VariantName = "[No Variations]"
Add component (AddParameter): Name = "Stock Code"; Value = ""; VariantName = "[No Variations]"
Add component (AddParameter): Name = "Stock Description"; Value = ""; VariantName = "[No Variations]"
Add component (AddParameter): Name = "Supplier"; Value = ""; VariantName = "[No Variations]"
Added Component: Designator=C23(CC3216-1206L)
Add component (AddParameter): Name = "Component Type"; Value = "Capacitor"; VariantName = "[No Variations]"
Add component (AddParameter): Name = "Ozdisan"; Value = "CL31B104KCFNNNE"; VariantName = "[No Variations]"
Add component (AddParameter): Name = "PriceUSD"; Value = "0.001135"; VariantName = "[No Variations]"
Add component (AddParameter): Name = "Stock Code"; Value = ""; VariantName = "[No Variations]"
Add component (AddParameter): Name = "Stock Description"; Value = ""; VariantName = "[No Variations]"
Add component (AddParameter): Name = "Supplier"; Value = ""; VariantName = "[No Variations]"
Added Component: Designator=C24(CC3216-1206L)
Add component (AddParameter): Name = "Component Type"; Value = "Capacitor"; VariantName = "[No Variations]"
Add component (AddParameter): Name = "Ozdisan"; Value = "CL31B104KCFNNNE"; VariantName = "[No Variations]"
Add component (AddParameter): Name = "PriceUSD"; Value = "0.001135"; VariantName = "[No Variations]"
Add component (AddParameter): Name = "Stock Code"; Value = ""; VariantName = "[No Variations]"
Add component (AddParameter): Name = "Stock Description"; Value = ""; VariantName = "[No Variations]"
Add component (AddParameter): Name = "Supplier"; Value = ""; VariantName = "[No Variations]"
Added Component: Designator=C25(CC3216-1206L)
Add component (AddParameter): Name = "Component Type"; Value = "Capacitor"; VariantName = "[No Variations]"
Add component (AddParameter): Name = "Ozdisan"; Value = "CL31B104KCFNNNE"; VariantName = "[No Variations]"
Add component (AddParameter): Name = "PriceUSD"; Value = "0.001135"; VariantName = "[No Variations]"
Add component (AddParameter): Name = "Stock Code"; Value = ""; VariantName = "[No Variations]"
Add component (AddParameter): Name = "Stock Description"; Value = ""; VariantName = "[No Variations]"
Add component (AddParameter): Name = "Supplier"; Value = ""; VariantName = "[No Variations]"
Added Component: Designator=C26(CC3216-1206L)
Add component (AddParameter): Name = "Component Type"; Value = "Capacitor"; VariantName = "[No Variations]"
Add component (AddParameter): Name = "Ozdisan"; Value = "CL31B104KCFNNNE"; VariantName = "[No Variations]"
Add component (AddParameter): Name = "PriceUSD"; Value = "0.001135"; VariantName = "[No Variations]"
Add component (AddParameter): Name = "Stock Code"; Value = ""; VariantName = "[No Variations]"
Add component (AddParameter): Name = "Stock Description"; Value = ""; VariantName = "[No Variations]"
Add component (AddParameter): Name = "Supplier"; Value = ""; VariantName = "[No Variations]"
Added Component: Designator=C27(CC3216-1206L)
Add component (AddParameter): Name = "Component Type"; Value = "Capacitor"; VariantName = "[No Variations]"
Add component (AddParameter): Name = "Ozdisan"; Value = "CL31B104KCFNNNE"; VariantName = "[No Variations]"
Add component (AddParameter): Name = "PriceUSD"; Value = "0.001135"; VariantName = "[No Variations]"
Add component (AddParameter): Name = "Stock Code"; Value = ""; VariantName = "[No Variations]"
Add component (AddParameter): Name = "Stock Description"; Value = ""; VariantName = "[No Variations]"
Add component (AddParameter): Name = "Supplier"; Value = ""; VariantName = "[No Variations]"
Added Component: Designator=C28(CC3216-1206L)
Add component (AddParameter): Name = "Component Type"; Value = "Capacitor"; VariantName = "[No Variations]"
Add component (AddParameter): Name = "Ozdisan"; Value = "CL31B475KBHNNNE"; VariantName = "[No Variations]"
Add component (AddParameter): Name = "PriceUSD"; Value = "0.016518"; VariantName = "[No Variations]"
Add component (AddParameter): Name = "Stock Code"; Value = ""; VariantName = "[No Variations]"
Add component (AddParameter): Name = "Stock Description"; Value = ""; VariantName = "[No Variations]"
Add component (AddParameter): Name = "Supplier"; Value = ""; VariantName = "[No Variations]"
Added Component: Designator=C29(CC3216-1206L)
Add component (AddParameter): Name = "Component Type"; Value = "Capacitor"; VariantName = "[No Variations]"
Add component (AddParameter): Name = "Ozdisan"; Value = "CL31B104KCFNNNE"; VariantName = "[No Variations]"
Add component (AddParameter): Name = "PriceUSD"; Value = "0.001135"; VariantName = "[No Variations]"
Add component (AddParameter): Name = "Stock Code"; Value = ""; VariantName = "[No Variations]"
Add component (AddParameter): Name = "Stock Description"; Value = ""; VariantName = "[No Variations]"
Add component (AddParameter): Name = "Supplier"; Value = ""; VariantName = "[No Variations]"
Added Component: Designator=C30(CC3216-1206L)
Add component (AddParameter): Name = "Component Type"; Value = "Capacitor"; VariantName = "[No Variations]"
Add component (AddParameter): Name = "Ozdisan"; Value = "CL31B104KCFNNNE"; VariantName = "[No Variations]"
Add component (AddParameter): Name = "PriceUSD"; Value = "0.001135"; VariantName = "[No Variations]"
Add component (AddParameter): Name = "Stock Code"; Value = ""; VariantName = "[No Variations]"
Add component (AddParameter): Name = "Stock Description"; Value = ""; VariantName = "[No Variations]"
Add component (AddParameter): Name = "Supplier"; Value = ""; VariantName = "[No Variations]"
Added Component: Designator=C31(CC3216-1206L)
Add component (AddParameter): Name = "Component Type"; Value = "Capacitor"; VariantName = "[No Variations]"
Add component (AddParameter): Name = "Ozdisan"; Value = "CL31B104KCFNNNE"; VariantName = "[No Variations]"
Add component (AddParameter): Name = "PriceUSD"; Value = "0.001135"; VariantName = "[No Variations]"
Add component (AddParameter): Name = "Stock Code"; Value = ""; VariantName = "[No Variations]"
Add component (AddParameter): Name = "Stock Description"; Value = ""; VariantName = "[No Variations]"
Add component (AddParameter): Name = "Supplier"; Value = ""; VariantName = "[No Variations]"
Added Component: Designator=C32(CC3216-1206L)
Add component (AddParameter): Name = "Component Type"; Value = "Capacitor"; VariantName = "[No Variations]"
Add component (AddParameter): Name = "Ozdisan"; Value = "CL31C220JBCNNNC"; VariantName = "[No Variations]"
Add component (AddParameter): Name = "PriceUSD"; Value = "0.006466"; VariantName = "[No Variations]"
Add component (AddParameter): Name = "Stock Code"; Value = ""; VariantName = "[No Variations]"
Add component (AddParameter): Name = "Stock Description"; Value = ""; VariantName = "[No Variations]"
Add component (AddParameter): Name = "Supplier"; Value = ""; VariantName = "[No Variations]"
Added Component: Designator=C33(CC3216-1206L)
Add component (AddParameter): Name = "Component Type"; Value = "Capacitor"; VariantName = "[No Variations]"
Add component (AddParameter): Name = "Ozdisan"; Value = "CL31C220JBCNNNC"; VariantName = "[No Variations]"
Add component (AddParameter): Name = "PriceUSD"; Value = "0.006466"; VariantName = "[No Variations]"
Add component (AddParameter): Name = "Stock Code"; Value = ""; VariantName = "[No Variations]"
Add component (AddParameter): Name = "Stock Description"; Value = ""; VariantName = "[No Variations]"
Add component (AddParameter): Name = "Supplier"; Value = ""; VariantName = "[No Variations]"
Added Component: Designator=C34(CC3216-1206L)
Add component (AddParameter): Name = "Component Type"; Value = "Capacitor"; VariantName = "[No Variations]"
Add component (AddParameter): Name = "Ozdisan"; Value = "CL31B102KBCNNNC"; VariantName = "[No Variations]"
Add component (AddParameter): Name = "PriceUSD"; Value = "0.00127"; VariantName = "[No Variations]"
Add component (AddParameter): Name = "Stock Code"; Value = ""; VariantName = "[No Variations]"
Add component (AddParameter): Name = "Stock Description"; Value = ""; VariantName = "[No Variations]"
Add component (AddParameter): Name = "Supplier"; Value = ""; VariantName = "[No Variations]"
Added Component: Designator=C35(CC3216-1206L)
Add component (AddParameter): Name = "Component Type"; Value = "Capacitor"; VariantName = "[No Variations]"
Add component (AddParameter): Name = "Ozdisan"; Value = "CL31B102KBCNNNC"; VariantName = "[No Variations]"
Add component (AddParameter): Name = "PriceUSD"; Value = "0.00127"; VariantName = "[No Variations]"
Add component (AddParameter): Name = "Stock Code"; Value = ""; VariantName = "[No Variations]"
Add component (AddParameter): Name = "Stock Description"; Value = ""; VariantName = "[No Variations]"
Add component (AddParameter): Name = "Supplier"; Value = ""; VariantName = "[No Variations]"
Added Component: Designator=C36(CC3216-1206L)
Add component (AddParameter): Name = "Component Type"; Value = "Capacitor"; VariantName = "[No Variations]"
Add component (AddParameter): Name = "Ozdisan"; Value = "CL31B102KBCNNNC"; VariantName = "[No Variations]"
Add component (AddParameter): Name = "PriceUSD"; Value = "0.00127"; VariantName = "[No Variations]"
Add component (AddParameter): Name = "Stock Code"; Value = ""; VariantName = "[No Variations]"
Add component (AddParameter): Name = "Stock Description"; Value = ""; VariantName = "[No Variations]"
Add component (AddParameter): Name = "Supplier"; Value = ""; VariantName = "[No Variations]"
Added Component: Designator=C37(CC3216-1206L)
Add component (AddParameter): Name = "Component Type"; Value = "Capacitor"; VariantName = "[No Variations]"
Add component (AddParameter): Name = "Ozdisan"; Value = "CL31B102KBCNNNC"; VariantName = "[No Variations]"
Add component (AddParameter): Name = "PriceUSD"; Value = "0.00127"; VariantName = "[No Variations]"
Add component (AddParameter): Name = "Stock Code"; Value = ""; VariantName = "[No Variations]"
Add component (AddParameter): Name = "Stock Description"; Value = ""; VariantName = "[No Variations]"
Add component (AddParameter): Name = "Supplier"; Value = ""; VariantName = "[No Variations]"
Added Component: Designator=C38(CC3216-1206L)
Add component (AddParameter): Name = "Component Type"; Value = "Capacitor"; VariantName = "[No Variations]"
Add component (AddParameter): Name = "Ozdisan"; Value = "CL31B102KBCNNNC"; VariantName = "[No Variations]"
Add component (AddParameter): Name = "PriceUSD"; Value = "0.00127"; VariantName = "[No Variations]"
Add component (AddParameter): Name = "Stock Code"; Value = ""; VariantName = "[No Variations]"
Add component (AddParameter): Name = "Stock Description"; Value = ""; VariantName = "[No Variations]"
Add component (AddParameter): Name = "Supplier"; Value = ""; VariantName = "[No Variations]"
Added Component: Designator=C39(CC3216-1206L)
Add component (AddParameter): Name = "Component Type"; Value = "Capacitor"; VariantName = "[No Variations]"
Add component (AddParameter): Name = "Ozdisan"; Value = "CL31B102KBCNNNC"; VariantName = "[No Variations]"
Add component (AddParameter): Name = "PriceUSD"; Value = "0.00127"; VariantName = "[No Variations]"
Add component (AddParameter): Name = "Stock Code"; Value = ""; VariantName = "[No Variations]"
Add component (AddParameter): Name = "Stock Description"; Value = ""; VariantName = "[No Variations]"
Add component (AddParameter): Name = "Supplier"; Value = ""; VariantName = "[No Variations]"
Added Component: Designator=C40(CC3216-1206L)
Add component (AddParameter): Name = "Component Type"; Value = "Capacitor"; VariantName = "[No Variations]"
Add component (AddParameter): Name = "Ozdisan"; Value = "CL31B102KBCNNNC"; VariantName = "[No Variations]"
Add component (AddParameter): Name = "PriceUSD"; Value = "0.00127"; VariantName = "[No Variations]"
Add component (AddParameter): Name = "Stock Code"; Value = ""; VariantName = "[No Variations]"
Add component (AddParameter): Name = "Stock Description"; Value = ""; VariantName = "[No Variations]"
Add component (AddParameter): Name = "Supplier"; Value = ""; VariantName = "[No Variations]"
Added Component: Designator=C41(CC3216-1206L)
Add component (AddParameter): Name = "Component Type"; Value = "Capacitor"; VariantName = "[No Variations]"
Add component (AddParameter): Name = "Ozdisan"; Value = "CL31B102KBCNNNC"; VariantName = "[No Variations]"
Add component (AddParameter): Name = "PriceUSD"; Value = "0.00127"; VariantName = "[No Variations]"
Add component (AddParameter): Name = "Stock Code"; Value = ""; VariantName = "[No Variations]"
Add component (AddParameter): Name = "Stock Description"; Value = ""; VariantName = "[No Variations]"
Add component (AddParameter): Name = "Supplier"; Value = ""; VariantName = "[No Variations]"
Added Component: Designator=Crystal1(HC49S SMD)
Add component (AddParameter): Name = "Component Type"; Value = "XTAL"; VariantName = "[No Variations]"
Add component (AddParameter): Name = "Ozdisan"; Value = "AS-8.OOO-20-SMD-TR"; VariantName = "[No Variations]"
Add component (AddParameter): Name = "PriceUSD"; Value = "0.070265"; VariantName = "[No Variations]"
Add component (AddParameter): Name = "Stock Code"; Value = ""; VariantName = "[No Variations]"
Add component (AddParameter): Name = "Stock Description"; Value = ""; VariantName = "[No Variations]"
Add component (AddParameter): Name = "Supplier"; Value = ""; VariantName = "[No Variations]"
Added Component: Designator=P14(HDR_MALE_1X5_5P_2.54MM_180)
Add component (AddParameter): Name = "Component Type"; Value = "Connector"; VariantName = "[No Variations]"
Add component (AddParameter): Name = "Stock Code"; Value = ""; VariantName = "[No Variations]"
Add component (AddParameter): Name = "Stock Description"; Value = ""; VariantName = "[No Variations]"
Add component (AddParameter): Name = "Supplier"; Value = ""; VariantName = "[No Variations]"
Added Component: Designator=P15(HDR_MALE_2X6_12P_2.54MM_180)
Add component (AddParameter): Name = "Component Type"; Value = "Connector"; VariantName = "[No Variations]"
Add component (AddParameter): Name = "Stock Code"; Value = ""; VariantName = "[No Variations]"
Add component (AddParameter): Name = "Stock Description"; Value = ""; VariantName = "[No Variations]"
Add component (AddParameter): Name = "Supplier"; Value = ""; VariantName = "[No Variations]"
Added Component: Designator=P16(HDR_MALE_2X8_16P_2.54MM_180)
Add component (AddParameter): Name = "Component Type"; Value = "Connector"; VariantName = "[No Variations]"
Add component (AddParameter): Name = "Stock Code"; Value = ""; VariantName = "[No Variations]"
Add component (AddParameter): Name = "Stock Description"; Value = ""; VariantName = "[No Variations]"
Add component (AddParameter): Name = "Supplier"; Value = ""; VariantName = "[No Variations]"
Added Component: Designator=R45(CR3216-1206l)
Add component (AddParameter): Name = "Component Type"; Value = "Resistor"; VariantName = "[No Variations]"
Add component (AddParameter): Name = "Ozdisan"; Value = "RC1206JR-07120RL"; VariantName = "[No Variations]"
Add component (AddParameter): Name = "PriceUSD"; Value = "0.0000351"; VariantName = "[No Variations]"
Add component (AddParameter): Name = "Stock Code"; Value = ""; VariantName = "[No Variations]"
Add component (AddParameter): Name = "Stock Description"; Value = ""; VariantName = "[No Variations]"
Add component (AddParameter): Name = "Supplier"; Value = ""; VariantName = "[No Variations]"
Added Component: Designator=R46(CR3216-1206l)
Add component (AddParameter): Name = "Component Type"; Value = "Resistor"; VariantName = "[No Variations]"
Add component (AddParameter): Name = "Ozdisan"; Value = "RC1206JR-07120RL"; VariantName = "[No Variations]"
Add component (AddParameter): Name = "PriceUSD"; Value = "0.0000351"; VariantName = "[No Variations]"
Add component (AddParameter): Name = "Stock Code"; Value = ""; VariantName = "[No Variations]"
Add component (AddParameter): Name = "Stock Description"; Value = ""; VariantName = "[No Variations]"
Add component (AddParameter): Name = "Supplier"; Value = ""; VariantName = "[No Variations]"
Added Component: Designator=R47(CR3216-1206l)
Add component (AddParameter): Name = "Component Type"; Value = "Resistor"; VariantName = "[No Variations]"
Add component (AddParameter): Name = "Ozdisan"; Value = "RC1206JR-07120RL"; VariantName = "[No Variations]"
Add component (AddParameter): Name = "PriceUSD"; Value = "0.0000351"; VariantName = "[No Variations]"
Add component (AddParameter): Name = "Stock Code"; Value = ""; VariantName = "[No Variations]"
Add component (AddParameter): Name = "Stock Description"; Value = ""; VariantName = "[No Variations]"
Add component (AddParameter): Name = "Supplier"; Value = ""; VariantName = "[No Variations]"
Added Component: Designator=R48(CR3216-1206l)
Add component (AddParameter): Name = "Component Type"; Value = "Resistor"; VariantName = "[No Variations]"
Add component (AddParameter): Name = "Ozdisan"; Value = "RC1206JR-074K7L"; VariantName = "[No Variations]"
Add component (AddParameter): Name = "PriceUSD"; Value = "0.0000351"; VariantName = "[No Variations]"
Add component (AddParameter): Name = "Stock Code"; Value = ""; VariantName = "[No Variations]"
Add component (AddParameter): Name = "Stock Description"; Value = ""; VariantName = "[No Variations]"
Add component (AddParameter): Name = "Supplier"; Value = ""; VariantName = "[No Variations]"
Added Component: Designator=R49(CR3216-1206l)
Add component (AddParameter): Name = "Component Type"; Value = "Resistor"; VariantName = "[No Variations]"
Add component (AddParameter): Name = "Ozdisan"; Value = "RC1206JR-074K7L"; VariantName = "[No Variations]"
Add component (AddParameter): Name = "PriceUSD"; Value = "0.0000351"; VariantName = "[No Variations]"
Add component (AddParameter): Name = "Stock Code"; Value = ""; VariantName = "[No Variations]"
Add component (AddParameter): Name = "Stock Description"; Value = ""; VariantName = "[No Variations]"
Add component (AddParameter): Name = "Supplier"; Value = ""; VariantName = "[No Variations]"
Added Component: Designator=R50(CR3216-1206l)
Add component (AddParameter): Name = "Component Type"; Value = "Resistor"; VariantName = "[No Variations]"
Add component (AddParameter): Name = "Ozdisan"; Value = "RC1206JR-074K7L"; VariantName = "[No Variations]"
Add component (AddParameter): Name = "PriceUSD"; Value = "0.0000351"; VariantName = "[No Variations]"
Add component (AddParameter): Name = "Stock Code"; Value = ""; VariantName = "[No Variations]"
Add component (AddParameter): Name = "Stock Description"; Value = ""; VariantName = "[No Variations]"
Add component (AddParameter): Name = "Supplier"; Value = ""; VariantName = "[No Variations]"
Added Component: Designator=R51(CR3216-1206l)
Add component (AddParameter): Name = "Component Type"; Value = "Resistor"; VariantName = "[No Variations]"
Add component (AddParameter): Name = "Ozdisan"; Value = "RC1206JR-07120RL"; VariantName = "[No Variations]"
Add component (AddParameter): Name = "PriceUSD"; Value = "0.0000351"; VariantName = "[No Variations]"
Add component (AddParameter): Name = "Stock Code"; Value = ""; VariantName = "[No Variations]"
Add component (AddParameter): Name = "Stock Description"; Value = ""; VariantName = "[No Variations]"
Add component (AddParameter): Name = "Supplier"; Value = ""; VariantName = "[No Variations]"
Added Component: Designator=R52(CR3216-1206l)
Add component (AddParameter): Name = "Component Type"; Value = "Resistor"; VariantName = "[No Variations]"
Add component (AddParameter): Name = "Ozdisan"; Value = "RC1206JR-07120RL"; VariantName = "[No Variations]"
Add component (AddParameter): Name = "PriceUSD"; Value = "0.0000351"; VariantName = "[No Variations]"
Add component (AddParameter): Name = "Stock Code"; Value = ""; VariantName = "[No Variations]"
Add component (AddParameter): Name = "Stock Description"; Value = ""; VariantName = "[No Variations]"
Add component (AddParameter): Name = "Supplier"; Value = ""; VariantName = "[No Variations]"
Added Component: Designator=R53(CR3216-1206l)
Add component (AddParameter): Name = "Component Type"; Value = "Resistor"; VariantName = "[No Variations]"
Add component (AddParameter): Name = "Ozdisan"; Value = "RC1206JR-074K7L"; VariantName = "[No Variations]"
Add component (AddParameter): Name = "PriceUSD"; Value = "0.0000351"; VariantName = "[No Variations]"
Add component (AddParameter): Name = "Stock Code"; Value = ""; VariantName = "[No Variations]"
Add component (AddParameter): Name = "Stock Description"; Value = ""; VariantName = "[No Variations]"
Add component (AddParameter): Name = "Supplier"; Value = ""; VariantName = "[No Variations]"
Added Component: Designator=R54(CR3216-1206l)
Add component (AddParameter): Name = "Component Type"; Value = "Resistor"; VariantName = "[No Variations]"
Add component (AddParameter): Name = "Ozdisan"; Value = "RC1206JR-074K7L"; VariantName = "[No Variations]"
Add component (AddParameter): Name = "PriceUSD"; Value = "0.0000351"; VariantName = "[No Variations]"
Add component (AddParameter): Name = "Stock Code"; Value = ""; VariantName = "[No Variations]"
Add component (AddParameter): Name = "Stock Description"; Value = ""; VariantName = "[No Variations]"
Add component (AddParameter): Name = "Supplier"; Value = ""; VariantName = "[No Variations]"
Added Component: Designator=R55(CR3216-1206l)
Add component (AddParameter): Name = "Component Type"; Value = "Resistor"; VariantName = "[No Variations]"
Add component (AddParameter): Name = "Ozdisan"; Value = "RC1206JR-07120RL"; VariantName = "[No Variations]"
Add component (AddParameter): Name = "PriceUSD"; Value = "0.0000351"; VariantName = "[No Variations]"
Add component (AddParameter): Name = "Stock Code"; Value = ""; VariantName = "[No Variations]"
Add component (AddParameter): Name = "Stock Description"; Value = ""; VariantName = "[No Variations]"
Add component (AddParameter): Name = "Supplier"; Value = ""; VariantName = "[No Variations]"
Added Component: Designator=R56(CR3216-1206l)
Add component (AddParameter): Name = "Component Type"; Value = "Resistor"; VariantName = "[No Variations]"
Add component (AddParameter): Name = "Ozdisan"; Value = "RC1206JR-07120RL"; VariantName = "[No Variations]"
Add component (AddParameter): Name = "PriceUSD"; Value = "0.0000351"; VariantName = "[No Variations]"
Add component (AddParameter): Name = "Stock Code"; Value = ""; VariantName = "[No Variations]"
Add component (AddParameter): Name = "Stock Description"; Value = ""; VariantName = "[No Variations]"
Add component (AddParameter): Name = "Supplier"; Value = ""; VariantName = "[No Variations]"
Added Component: Designator=R57(CR3216-1206l)
Add component (AddParameter): Name = "Component Type"; Value = "Resistor"; VariantName = "[No Variations]"
Add component (AddParameter): Name = "Ozdisan"; Value = "RC1206JR-07120RL"; VariantName = "[No Variations]"
Add component (AddParameter): Name = "PriceUSD"; Value = "0.0000351"; VariantName = "[No Variations]"
Add component (AddParameter): Name = "Stock Code"; Value = ""; VariantName = "[No Variations]"
Add component (AddParameter): Name = "Stock Description"; Value = ""; VariantName = "[No Variations]"
Add component (AddParameter): Name = "Supplier"; Value = ""; VariantName = "[No Variations]"
Added Component: Designator=R58(CR3216-1206l)
Add component (AddParameter): Name = "Component Type"; Value = "Resistor"; VariantName = "[No Variations]"
Add component (AddParameter): Name = "Ozdisan"; Value = "RC1206JR-07120RL"; VariantName = "[No Variations]"
Add component (AddParameter): Name = "PriceUSD"; Value = "0.0000351"; VariantName = "[No Variations]"
Add component (AddParameter): Name = "Stock Code"; Value = ""; VariantName = "[No Variations]"
Add component (AddParameter): Name = "Stock Description"; Value = ""; VariantName = "[No Variations]"
Add component (AddParameter): Name = "Supplier"; Value = ""; VariantName = "[No Variations]"
Added Component: Designator=R59(CR3216-1206l)
Add component (AddParameter): Name = "Component Type"; Value = "Resistor"; VariantName = "[No Variations]"
Add component (AddParameter): Name = "Ozdisan"; Value = "RC1206JR-07120RL"; VariantName = "[No Variations]"
Add component (AddParameter): Name = "PriceUSD"; Value = "0.0000351"; VariantName = "[No Variations]"
Add component (AddParameter): Name = "Stock Code"; Value = ""; VariantName = "[No Variations]"
Add component (AddParameter): Name = "Stock Description"; Value = ""; VariantName = "[No Variations]"
Add component (AddParameter): Name = "Supplier"; Value = ""; VariantName = "[No Variations]"
Added Component: Designator=R60(CR3216-1206l)
Add component (AddParameter): Name = "Component Type"; Value = "Resistor"; VariantName = "[No Variations]"
Add component (AddParameter): Name = "Ozdisan"; Value = "RC1206JR-07120RL"; VariantName = "[No Variations]"
Add component (AddParameter): Name = "PriceUSD"; Value = "0.0000351"; VariantName = "[No Variations]"
Add component (AddParameter): Name = "Stock Code"; Value = ""; VariantName = "[No Variations]"
Add component (AddParameter): Name = "Stock Description"; Value = ""; VariantName = "[No Variations]"
Add component (AddParameter): Name = "Supplier"; Value = ""; VariantName = "[No Variations]"
Added Component: Designator=R61(CR3216-1206l)
Add component (AddParameter): Name = "Component Type"; Value = "Resistor"; VariantName = "[No Variations]"
Add component (AddParameter): Name = "Ozdisan"; Value = "RC1206JR-07120RL"; VariantName = "[No Variations]"
Add component (AddParameter): Name = "PriceUSD"; Value = "0.0000351"; VariantName = "[No Variations]"
Add component (AddParameter): Name = "Stock Code"; Value = ""; VariantName = "[No Variations]"
Add component (AddParameter): Name = "Stock Description"; Value = ""; VariantName = "[No Variations]"
Add component (AddParameter): Name = "Supplier"; Value = ""; VariantName = "[No Variations]"
Added Component: Designator=R62(CR3216-1206l)
Add component (AddParameter): Name = "Component Type"; Value = "Resistor"; VariantName = "[No Variations]"
Add component (AddParameter): Name = "Ozdisan"; Value = "RC1206JR-07120RL"; VariantName = "[No Variations]"
Add component (AddParameter): Name = "PriceUSD"; Value = "0.0000351"; VariantName = "[No Variations]"
Add component (AddParameter): Name = "Stock Code"; Value = ""; VariantName = "[No Variations]"
Add component (AddParameter): Name = "Stock Description"; Value = ""; VariantName = "[No Variations]"
Add component (AddParameter): Name = "Supplier"; Value = ""; VariantName = "[No Variations]"
Added Component: Designator=R63(CR3216-1206l)
Add component (AddParameter): Name = "Component Type"; Value = "Resistor"; VariantName = "[No Variations]"
Add component (AddParameter): Name = "Ozdisan"; Value = "RC1206JR-07120RL"; VariantName = "[No Variations]"
Add component (AddParameter): Name = "PriceUSD"; Value = "0.0000351"; VariantName = "[No Variations]"
Add component (AddParameter): Name = "Stock Code"; Value = ""; VariantName = "[No Variations]"
Add component (AddParameter): Name = "Stock Description"; Value = ""; VariantName = "[No Variations]"
Add component (AddParameter): Name = "Supplier"; Value = ""; VariantName = "[No Variations]"
Added Component: Designator=R64(CR3216-1206l)
Add component (AddParameter): Name = "Component Type"; Value = "Resistor"; VariantName = "[No Variations]"
Add component (AddParameter): Name = "Ozdisan"; Value = "RC1206JR-07120RL"; VariantName = "[No Variations]"
Add component (AddParameter): Name = "PriceUSD"; Value = "0.0000351"; VariantName = "[No Variations]"
Add component (AddParameter): Name = "Stock Code"; Value = ""; VariantName = "[No Variations]"
Add component (AddParameter): Name = "Stock Description"; Value = ""; VariantName = "[No Variations]"
Add component (AddParameter): Name = "Supplier"; Value = ""; VariantName = "[No Variations]"
Added Component: Designator=R65(CR3216-1206l)
Add component (AddParameter): Name = "Component Type"; Value = "Resistor"; VariantName = "[No Variations]"
Add component (AddParameter): Name = "Ozdisan"; Value = "RC1206JR-07120RL"; VariantName = "[No Variations]"
Add component (AddParameter): Name = "PriceUSD"; Value = "0.0000351"; VariantName = "[No Variations]"
Add component (AddParameter): Name = "Stock Code"; Value = ""; VariantName = "[No Variations]"
Add component (AddParameter): Name = "Stock Description"; Value = ""; VariantName = "[No Variations]"
Add component (AddParameter): Name = "Supplier"; Value = ""; VariantName = "[No Variations]"
Added Component: Designator=R66(CR3216-1206l)
Add component (AddParameter): Name = "Component Type"; Value = "Resistor"; VariantName = "[No Variations]"
Add component (AddParameter): Name = "Ozdisan"; Value = "RC1206JR-07120RL"; VariantName = "[No Variations]"
Add component (AddParameter): Name = "PriceUSD"; Value = "0.0000351"; VariantName = "[No Variations]"
Add component (AddParameter): Name = "Stock Code"; Value = ""; VariantName = "[No Variations]"
Add component (AddParameter): Name = "Stock Description"; Value = ""; VariantName = "[No Variations]"
Add component (AddParameter): Name = "Supplier"; Value = ""; VariantName = "[No Variations]"
Added Component: Designator=R67(CR3216-1206l)
Add component (AddParameter): Name = "Component Type"; Value = "Resistor"; VariantName = "[No Variations]"
Add component (AddParameter): Name = "Ozdisan"; Value = "RC1206JR-07120RL"; VariantName = "[No Variations]"
Add component (AddParameter): Name = "PriceUSD"; Value = "0.0000351"; VariantName = "[No Variations]"
Add component (AddParameter): Name = "Stock Code"; Value = ""; VariantName = "[No Variations]"
Add component (AddParameter): Name = "Stock Description"; Value = ""; VariantName = "[No Variations]"
Add component (AddParameter): Name = "Supplier"; Value = ""; VariantName = "[No Variations]"
Added Component: Designator=R68(CR3216-1206l)
Add component (AddParameter): Name = "Component Type"; Value = "Resistor"; VariantName = "[No Variations]"
Add component (AddParameter): Name = "Ozdisan"; Value = "RC1206JR-07120RL"; VariantName = "[No Variations]"
Add component (AddParameter): Name = "PriceUSD"; Value = "0.0000351"; VariantName = "[No Variations]"
Add component (AddParameter): Name = "Stock Code"; Value = ""; VariantName = "[No Variations]"
Add component (AddParameter): Name = "Stock Description"; Value = ""; VariantName = "[No Variations]"
Add component (AddParameter): Name = "Supplier"; Value = ""; VariantName = "[No Variations]"
Added Component: Designator=R69(CR3216-1206l)
Add component (AddParameter): Name = "Component Type"; Value = "Resistor"; VariantName = "[No Variations]"
Add component (AddParameter): Name = "Ozdisan"; Value = "RC1206JR-07120RL"; VariantName = "[No Variations]"
Add component (AddParameter): Name = "PriceUSD"; Value = "0.0000351"; VariantName = "[No Variations]"
Add component (AddParameter): Name = "Stock Code"; Value = ""; VariantName = "[No Variations]"
Add component (AddParameter): Name = "Stock Description"; Value = ""; VariantName = "[No Variations]"
Add component (AddParameter): Name = "Supplier"; Value = ""; VariantName = "[No Variations]"
Added Component: Designator=S1(SSL-12F20-G4-P)
Add component (AddParameter): Name = "Availability"; Value = "Unavailable"; VariantName = "[No Variations]"
Add component (AddParameter): Name = "MF"; Value = ""; VariantName = "[No Variations]"
Add component (AddParameter): Name = "MP"; Value = "500SSP1S2M2QEA"; VariantName = "[No Variations]"
Add component (AddParameter): Name = "Package"; Value = "None"; VariantName = "[No Variations]"
Add component (AddParameter): Name = "Price"; Value = "None"; VariantName = "[No Variations]"
Add component (AddParameter): Name = "Value"; Value = ""; VariantName = "[No Variations]"
Added Component: Designator=S2(SSL-12F20-G4-P)
Add component (AddParameter): Name = "Availability"; Value = "Unavailable"; VariantName = "[No Variations]"
Add component (AddParameter): Name = "MF"; Value = ""; VariantName = "[No Variations]"
Add component (AddParameter): Name = "MP"; Value = "500SSP1S2M2QEA"; VariantName = "[No Variations]"
Add component (AddParameter): Name = "Package"; Value = "None"; VariantName = "[No Variations]"
Add component (AddParameter): Name = "Price"; Value = "None"; VariantName = "[No Variations]"
Add component (AddParameter): Name = "Value"; Value = ""; VariantName = "[No Variations]"
Added Component: Designator=U2(QFP50P900X900X160-48N)
Add component (AddParameter): Name = "Check_prices"; Value = "https://www.snapeda.com/parts/STM32F072C8T6/STMicroelectronics/view-part/?ref=eda"; VariantName = "[No Variations]"
Add component (AddParameter): Name = "MF"; Value = "STMicroelectronics"; VariantName = "[No Variations]"
Add component (AddParameter): Name = "MP"; Value = "STM32F072C8T6"; VariantName = "[No Variations]"
Add component (AddParameter): Name = "Package"; Value = "LQFP-48 STMicroelectronics"; VariantName = "[No Variations]"
Add component (AddParameter): Name = "SnapEDA_Link"; Value = "https://www.snapeda.com/parts/STM32F072C8T6/STMicroelectronics/view-part/?ref=snap"; VariantName = "[No Variations]"
Add component (AddParameter): Name = "Value"; Value = ""; VariantName = "[No Variations]"
Added Component: Designator=U3(SOP65P640X120-20N)
Add component (AddParameter): Name = "Availability"; Value = "In Stock"; VariantName = "[No Variations]"
Add component (AddParameter): Name = "Check_prices"; Value = "https://www.snapeda.com/parts/TXB0108PWRG4/Texas+Instruments/view-part/?ref=eda"; VariantName = "[No Variations]"
Add component (AddParameter): Name = "MF"; Value = "Texas Instruments"; VariantName = "[No Variations]"
Add component (AddParameter): Name = "MP"; Value = "TXB0108PWRG4"; VariantName = "[No Variations]"
Add component (AddParameter): Name = "Package"; Value = "TSSOP-20 Texas Instruments"; VariantName = "[No Variations]"
Add component (AddParameter): Name = "Price"; Value = "None"; VariantName = "[No Variations]"
Add component (AddParameter): Name = "Purchase-URL"; Value = "https://pricing.snapeda.com/search/part/TXB0108PWRG4/?ref=eda"; VariantName = "[No Variations]"
Add component (AddParameter): Name = "SnapEDA_Link"; Value = "https://www.snapeda.com/parts/TXB0108PWRG4/Texas+Instruments/view-part/?ref=snap"; VariantName = "[No Variations]"
Add component (AddParameter): Name = "Value"; Value = ""; VariantName = "[No Variations]"
Added Pin To Net: NetName=Power - Pin=12-2
Added Pin To Net: NetName=Power - Pin=13-2
Added Pin To Net: NetName=+3V3 Pin=Bead1-1
Added Pin To Net: NetName=Power - Pin=Button1-3
Added Pin To Net: NetName=Power - Pin=Button1-4
Added Pin To Net: NetName=Power - Pin=C21-2
Added Pin To Net: NetName=Power - Pin=C22-2
Added Pin To Net: NetName=+3V3 Pin=C23-1
Added Pin To Net: NetName=Power - Pin=C23-2
Added Pin To Net: NetName=+3V3 Pin=C24-1
Added Pin To Net: NetName=Power - Pin=C24-2
Added Pin To Net: NetName=+3V3 Pin=C25-1
Added Pin To Net: NetName=Power - Pin=C25-2
Added Pin To Net: NetName=+3V3 Pin=C26-1
Added Pin To Net: NetName=Power - Pin=C26-2
Added Pin To Net: NetName=+3V3 Pin=C27-1
Added Pin To Net: NetName=Power - Pin=C27-2
Added Pin To Net: NetName=+3V3 Pin=C28-1
Added Pin To Net: NetName=Power - Pin=C28-2
Added Pin To Net: NetName=+3V3 Pin=C29-1
Added Pin To Net: NetName=Power - Pin=C29-2
Added Pin To Net: NetName=+5VDC Pin=C30-1
Added Pin To Net: NetName=Power - Pin=C30-2
Added Pin To Net: NetName=Power - Pin=C31-2
Added Pin To Net: NetName=Power - Pin=C32-1
Added Pin To Net: NetName=Power - Pin=C33-1
Added Pin To Net: NetName=Power - Pin=C34-2
Added Pin To Net: NetName=Power - Pin=C35-2
Added Pin To Net: NetName=Power - Pin=C36-2
Added Pin To Net: NetName=Power - Pin=C37-2
Added Pin To Net: NetName=Power - Pin=C38-2
Added Pin To Net: NetName=Power - Pin=C39-2
Added Pin To Net: NetName=Power - Pin=C40-2
Added Pin To Net: NetName=Power - Pin=C41-2
Added Pin To Net: NetName=Power - Pin=D5-1
Added Pin To Net: NetName=K8 Pin=D5-2
Added Pin To Net: NetName=Power - Pin=D6-1
Added Pin To Net: NetName=K7 Pin=D6-2
Added Pin To Net: NetName=Power - Pin=D7-1
Added Pin To Net: NetName=K9 Pin=D7-2
Added Pin To Net: NetName=Power - Pin=K1-1
Added Pin To Net: NetName=K8 Pin=K1-2
Added Pin To Net: NetName=NO9 Pin=K1-4
Added Pin To Net: NetName=NO2 Pin=K2-1
Added Pin To Net: NetName=Power - Pin=K2-1
Added Pin To Net: NetName=K7 Pin=K2-2
Added Pin To Net: NetName=Power - Pin=K3-1
Added Pin To Net: NetName=K9 Pin=K3-2
Added Pin To Net: NetName=+5VDC Pin=K9-3
Added Pin To Net: NetName=COM1 Pin=P2-2
Added Pin To Net: NetName=+3V3 Pin=P14-4
Added Pin To Net: NetName=Power - Pin=P14-5
Added Pin To Net: NetName=+3V3 Pin=P15-2
Added Pin To Net: NetName=+3V3 Pin=P15-4
Added Pin To Net: NetName=+3V3 Pin=P15-6
Added Pin To Net: NetName=+3V3 Pin=P15-8
Added Pin To Net: NetName=+3V3 Pin=P15-10
Added Pin To Net: NetName=+3V3 Pin=P15-12
Added Pin To Net: NetName=Power - Pin=P16-2
Added Pin To Net: NetName=Power - Pin=P16-4
Added Pin To Net: NetName=Power - Pin=P16-6
Added Pin To Net: NetName=Power - Pin=P16-8
Added Pin To Net: NetName=Power - Pin=P16-10
Added Pin To Net: NetName=Power - Pin=P16-12
Added Pin To Net: NetName=Power - Pin=P16-14
Added Pin To Net: NetName=Power - Pin=P16-16
Added Pin To Net: NetName=NetD8_1 Pin=Q2-2
Added Pin To Net: NetName=NetD9_1 Pin=Q3-2
Added Pin To Net: NetName=NetD10_1 Pin=Q4-2
Added Pin To Net: NetName=+3V3 Pin=R48-2
Added Pin To Net: NetName=+3V3 Pin=R49-2
Added Pin To Net: NetName=+3V3 Pin=R50-2
Added Pin To Net: NetName=+3V3 Pin=S1-1
Added Pin To Net: NetName=Power - Pin=S1-3
Added Pin To Net: NetName=+3V3 Pin=S2-1
Added Pin To Net: NetName=Power - Pin=S2-3
Added Pin To Net: NetName=K3 Pin=U1-33
Added Pin To Net: NetName=K2 Pin=U1-36
Added Pin To Net: NetName=K1 Pin=U1-37
Added Pin To Net: NetName=+3V3 Pin=U2-1
Added Pin To Net: NetName=Power - Pin=U2-8
Added Pin To Net: NetName=Power - Pin=U2-23
Added Pin To Net: NetName=+3V3 Pin=U2-24
Added Pin To Net: NetName=Power - Pin=U2-35
Added Pin To Net: NetName=+3V3 Pin=U2-36
Added Pin To Net: NetName=Power - Pin=U2-47
Added Pin To Net: NetName=+3V3 Pin=U2-48
Added Pin To Net: NetName=+3V3 Pin=U3-2
Added Pin To Net: NetName=+3V3 Pin=U3-10
Added Pin To Net: NetName=Power - Pin=U3-11
Added Pin To Net: NetName=+5VDC Pin=U3-19
Change Net Name : Old Net Name=COM1 New Net Name=+12VDC
Change Net Name : Old Net Name=NO9 New Net Name=Motors+12VDC
Added Pin To Net: NetName=BOOT0 Pin=S1-2
Added Pin To Net: NetName=BOOT0 Pin=U2-44
Added Net: Name=BOOT0
Added Pin To Net: NetName=L1 Pin=P15-1
Added Pin To Net: NetName=L1 Pin=U2-19
Added Net: Name=L1
Added Pin To Net: NetName=L2 Pin=P15-3
Added Pin To Net: NetName=L2 Pin=U2-20
Added Net: Name=L2
Added Pin To Net: NetName=L3 Pin=P15-5
Added Pin To Net: NetName=L3 Pin=U2-39
Added Net: Name=L3
Added Pin To Net: NetName=L4 Pin=P15-7
Added Pin To Net: NetName=L4 Pin=U2-40
Added Net: Name=L4
Added Pin To Net: NetName=L5 Pin=P15-9
Added Pin To Net: NetName=L5 Pin=U2-41
Added Net: Name=L5
Added Pin To Net: NetName=L6 Pin=P15-11
Added Pin To Net: NetName=L6 Pin=U2-42
Added Net: Name=L6
Added Pin To Net: NetName=Lasers+12VDC Pin=D11-2
Added Pin To Net: NetName=Lasers+12VDC Pin=D12-2
Added Pin To Net: NetName=Lasers+12VDC Pin=D13-2
Added Pin To Net: NetName=Lasers+12VDC Pin=K3-1
Added Pin To Net: NetName=Lasers+12VDC Pin=K7-2
Added Pin To Net: NetName=Lasers+12VDC Pin=K8-2
Added Pin To Net: NetName=Lasers+12VDC Pin=K9-2
Added Net: Name=Lasers+12VDC
Added Pin To Net: NetName=LedA Pin=R53-2
Added Pin To Net: NetName=LedA Pin=U2-10
Added Net: Name=LedA
Added Pin To Net: NetName=LedB Pin=R54-2
Added Pin To Net: NetName=LedB Pin=U2-18
Added Net: Name=LedB
Added Pin To Net: NetName=Net12_1 Pin=12-1
Added Pin To Net: NetName=Net12_1 Pin=R53-1
Added Net: Name=Net12_1
Added Pin To Net: NetName=Net13_1 Pin=13-1
Added Pin To Net: NetName=Net13_1 Pin=R54-1
Added Net: Name=Net13_1
Added Pin To Net: NetName=NetBead1_2 Pin=Bead1-2
Added Pin To Net: NetName=NetBead1_2 Pin=C21-1
Added Pin To Net: NetName=NetBead1_2 Pin=C22-1
Added Pin To Net: NetName=NetBead1_2 Pin=U2-9
Added Net: Name=NetBead1_2
Added Pin To Net: NetName=NetC34_1 Pin=C34-1
Added Pin To Net: NetName=NetC34_1 Pin=R52-1
Added Pin To Net: NetName=NetC34_1 Pin=U3-20
Added Net: Name=NetC34_1
Added Pin To Net: NetName=NetC35_1 Pin=C35-1
Added Pin To Net: NetName=NetC35_1 Pin=R57-1
Added Pin To Net: NetName=NetC35_1 Pin=U3-18
Added Net: Name=NetC35_1
Added Pin To Net: NetName=NetC36_1 Pin=C36-1
Added Pin To Net: NetName=NetC36_1 Pin=R59-1
Added Pin To Net: NetName=NetC36_1 Pin=U3-17
Added Net: Name=NetC36_1
Added Pin To Net: NetName=NetC37_1 Pin=C37-1
Added Pin To Net: NetName=NetC37_1 Pin=R61-1
Added Pin To Net: NetName=NetC37_1 Pin=U3-16
Added Net: Name=NetC37_1
Added Pin To Net: NetName=NetC38_1 Pin=C38-1
Added Pin To Net: NetName=NetC38_1 Pin=R63-1
Added Pin To Net: NetName=NetC38_1 Pin=U3-15
Added Net: Name=NetC38_1
Added Pin To Net: NetName=NetC39_1 Pin=C39-1
Added Pin To Net: NetName=NetC39_1 Pin=R65-1
Added Pin To Net: NetName=NetC39_1 Pin=U3-14
Added Net: Name=NetC39_1
Added Pin To Net: NetName=NetC40_1 Pin=C40-1
Added Pin To Net: NetName=NetC40_1 Pin=R67-1
Added Pin To Net: NetName=NetC40_1 Pin=U3-13
Added Net: Name=NetC40_1
Added Pin To Net: NetName=NetC41_1 Pin=C41-1
Added Pin To Net: NetName=NetC41_1 Pin=R69-1
Added Pin To Net: NetName=NetC41_1 Pin=U3-12
Added Net: Name=NetC41_1
Added Pin To Net: NetName=NetD11_1 Pin=D11-1
Added Pin To Net: NetName=NetD11_1 Pin=K7-4
Added Pin To Net: NetName=NetD11_1 Pin=Q5-2
Added Net: Name=NetD11_1
Added Pin To Net: NetName=NetD12_1 Pin=D12-1
Added Pin To Net: NetName=NetD12_1 Pin=K8-4
Added Pin To Net: NetName=NetD12_1 Pin=Q6-2
Added Net: Name=NetD12_1
Added Pin To Net: NetName=NetD13_1 Pin=D13-1
Added Pin To Net: NetName=NetD13_1 Pin=K9-1
Added Pin To Net: NetName=NetD13_1 Pin=Q7-2
Added Net: Name=NetD13_1
Added Pin To Net: NetName=NetP14_1 Pin=P14-1
Added Pin To Net: NetName=NetP14_1 Pin=R45-1
Added Net: Name=NetP14_1
Added Pin To Net: NetName=NetP14_2 Pin=P14-2
Added Pin To Net: NetName=NetP14_2 Pin=R47-1
Added Net: Name=NetP14_2
Added Pin To Net: NetName=NetP14_3 Pin=P14-3
Added Pin To Net: NetName=NetP14_3 Pin=R46-1
Added Net: Name=NetP14_3
Added Pin To Net: NetName=NetR51_2 Pin=R51-2
Added Pin To Net: NetName=NetR51_2 Pin=U3-1
Added Net: Name=NetR51_2
Added Pin To Net: NetName=NetR56_2 Pin=R56-2
Added Pin To Net: NetName=NetR56_2 Pin=U3-3
Added Net: Name=NetR56_2
Added Pin To Net: NetName=NetR58_2 Pin=R58-2
Added Pin To Net: NetName=NetR58_2 Pin=U3-4
Added Net: Name=NetR58_2
Added Pin To Net: NetName=NetR60_2 Pin=R60-2
Added Pin To Net: NetName=NetR60_2 Pin=U3-5
Added Net: Name=NetR60_2
Added Pin To Net: NetName=NetR62_2 Pin=R62-2
Added Pin To Net: NetName=NetR62_2 Pin=U3-6
Added Net: Name=NetR62_2
Added Pin To Net: NetName=NetR64_2 Pin=R64-2
Added Pin To Net: NetName=NetR64_2 Pin=U3-7
Added Net: Name=NetR64_2
Added Pin To Net: NetName=NetR66_2 Pin=R66-2
Added Pin To Net: NetName=NetR66_2 Pin=U3-8
Added Net: Name=NetR66_2
Added Pin To Net: NetName=NetR68_2 Pin=R68-2
Added Pin To Net: NetName=NetR68_2 Pin=U3-9
Added Net: Name=NetR68_2
Added Pin To Net: NetName=OSC_IN Pin=C33-2
Added Pin To Net: NetName=OSC_IN Pin=Crystal1-1
Added Pin To Net: NetName=OSC_IN Pin=U2-3
Added Net: Name=OSC_IN
Added Pin To Net: NetName=OSC_OUT Pin=R55-1
Added Pin To Net: NetName=OSC_OUT Pin=U2-4
Added Net: Name=OSC_OUT
Added Pin To Net: NetName=P1 Pin=P16-1
Added Pin To Net: NetName=P1 Pin=R52-2
Added Net: Name=P1
Added Pin To Net: NetName=P2 Pin=P16-3
Added Pin To Net: NetName=P2 Pin=R57-2
Added Net: Name=P2
Added Pin To Net: NetName=P3 Pin=P16-5
Added Pin To Net: NetName=P3 Pin=R59-2
Added Net: Name=P3
Added Pin To Net: NetName=P4 Pin=P16-7
Added Pin To Net: NetName=P4 Pin=R61-2
Added Net: Name=P4
Added Pin To Net: NetName=P5 Pin=P16-9
Added Pin To Net: NetName=P5 Pin=R63-2
Added Net: Name=P5
Added Pin To Net: NetName=P6 Pin=P16-11
Added Pin To Net: NetName=P6 Pin=R65-2
Added Net: Name=P6
Added Pin To Net: NetName=P7 Pin=P16-13
Added Pin To Net: NetName=P7 Pin=R67-2
Added Net: Name=P7
Added Pin To Net: NetName=P8 Pin=P16-15
Added Pin To Net: NetName=P8 Pin=R69-2
Added Net: Name=P8
Added Pin To Net: NetName=PA7 Pin=U2-17
Added Net: Name=PA7
Added Pin To Net: NetName=PA8 Pin=R62-1
Added Pin To Net: NetName=PA8 Pin=U2-29
Added Net: Name=PA8
Added Pin To Net: NetName=PA9 Pin=R60-1
Added Pin To Net: NetName=PA9 Pin=U2-30
Added Net: Name=PA9
Added Pin To Net: NetName=PA10 Pin=R58-1
Added Pin To Net: NetName=PA10 Pin=U2-31
Added Net: Name=PA10
Added Pin To Net: NetName=PA11 Pin=R56-1
Added Pin To Net: NetName=PA11 Pin=U2-32
Added Net: Name=PA11
Added Pin To Net: NetName=PA12 Pin=R51-1
Added Pin To Net: NetName=PA12 Pin=U2-33
Added Net: Name=PA12
Added Pin To Net: NetName=PA15 Pin=U2-38
Added Net: Name=PA15
Added Pin To Net: NetName=PB7 Pin=S2-2
Added Pin To Net: NetName=PB7 Pin=U2-43
Added Net: Name=PB7
Added Pin To Net: NetName=PB12 Pin=U2-25
Added Net: Name=PB12
Added Pin To Net: NetName=PB15 Pin=R64-1
Added Pin To Net: NetName=PB15 Pin=U2-28
Added Net: Name=PB15
Added Pin To Net: NetName=PC13 Pin=U2-2
Added Net: Name=PC13
Added Pin To Net: NetName=PF0 Pin=U2-5
Added Net: Name=PF0
Added Pin To Net: NetName=PF1 Pin=U2-6
Added Net: Name=PF1
Added Pin To Net: NetName=R\S\T\ Pin=Button1-1
Added Pin To Net: NetName=R\S\T\ Pin=Button1-2
Added Pin To Net: NetName=R\S\T\ Pin=C31-1
Added Pin To Net: NetName=R\S\T\ Pin=R46-2
Added Pin To Net: NetName=R\S\T\ Pin=R50-1
Added Pin To Net: NetName=R\S\T\ Pin=U2-7
Added Net: Name=R\S\T\
Added Pin To Net: NetName=Safety Pin=P1-2
Added Pin To Net: NetName=Safety Pin=P4-2
Added Net: Name=Safety
Added Pin To Net: NetName=SCL Pin=R48-1
Added Pin To Net: NetName=SCL Pin=R68-1
Added Pin To Net: NetName=SCL Pin=U1-36
Added Pin To Net: NetName=SCL Pin=U2-26
Added Pin To Net: NetName=SCL Pin=U2-45
Added Net: Name=SCL
Added Pin To Net: NetName=SDA Pin=R49-1
Added Pin To Net: NetName=SDA Pin=R66-1
Added Pin To Net: NetName=SDA Pin=U1-33
Added Pin To Net: NetName=SDA Pin=U2-27
Added Pin To Net: NetName=SDA Pin=U2-46
Added Net: Name=SDA
Added Pin To Net: NetName=STM32_RX3 Pin=U2-21
Added Net: Name=STM32_RX3
Added Pin To Net: NetName=STM32_TX3 Pin=U2-22
Added Net: Name=STM32_TX3
Added Pin To Net: NetName=SWCLK Pin=R45-2
Added Pin To Net: NetName=SWCLK Pin=U2-37
Added Net: Name=SWCLK
Added Pin To Net: NetName=SWDIO Pin=R47-2
Added Pin To Net: NetName=SWDIO Pin=U2-34
Added Net: Name=SWDIO
Added Pin To Net: NetName=XTAL_IN Pin=C32-2
Added Pin To Net: NetName=XTAL_IN Pin=Crystal1-2
Added Pin To Net: NetName=XTAL_IN Pin=R55-2
Added Net: Name=XTAL_IN
Change Class Name : Old Net Name=Actuators Control New Net Name=Actuator Control
Added Class: Name=STM32 Control
Added Member To Class: ClassName=Actuator Control Member=Component P15 CONNECTOR, 2x5, 5P
Added Member To Class: ClassName=Actuator Control Member=Component P16 CONNECTOR 2X8-16P
Added Rule: Name=Schematic Supply Nets
Added Rule: Name=Schematic Supply Nets_1
Added Rule: Name=Schematic Supply Nets_3
