2025-07-26 15:45:31,594 [INFO] Activator:176 - 


2025-07-26 15:45:31,598 [INFO] Activator:177 - !SESSION log4j initialized
2025-07-26 15:45:36,026 [INFO] LogOutputStream:77 - [STDOUT_REDIRECT] 
2025-07-26 15:45:36,497 [INFO] ApplicationProperties:184 - Using Application install path: /opt/st/stm32cubeide_1.19.0/plugins/com.st.stm32cube.common.mx_6.15.0.202507011659
2025-07-26 15:45:36,510 [INFO] DbMcusXml:78 - Set database path to: /opt/st/stm32cubeide_1.19.0/plugins/com.st.stm32cube.common.mx_6.15.0.202507011659//db//mcu/
2025-07-26 15:45:36,510 [INFO] ApiDb:274 - Set plugin database path to: /opt/st/stm32cubeide_1.19.0/plugins/com.st.stm32cube.common.mx_6.15.0.202507011659//db//plugins/boardmanager/
2025-07-26 15:45:36,510 [WARN] ApiDb:259 - Overriding images path with different value:  => /opt/st/stm32cubeide_1.19.0/plugins/com.st.stm32cube.common.mx_6.15.0.202507011659//db//plugins/mcufinder/images/
2025-07-26 15:45:36,514 [INFO] ApiDb:250 - Set database path to: /home/sj/.stmcufinder/plugins/mcufinder//mcu/
2025-07-26 15:45:36,515 [INFO] DbMcusAds:125 - Set database path to: /home/sj/.stmcufinder/plugins/mcufinder//mcu/
2025-07-26 15:45:36,516 [INFO] CrossReferenceDbSqlite:203 - Set database path to: /home/sj/.stmcufinder/plugins/mcufinder//mcu/cs/
2025-07-26 15:45:36,602 [INFO] RulesReader:64 - Compatibility file has been processed (317 Rules)
2025-07-26 15:45:36,651 [INFO] DbMcusXml:78 - Set database path to: /opt/st/stm32cubeide_1.19.0/plugins/com.st.stm32cube.common.mx_6.15.0.202507011659//db//mcu/
2025-07-26 15:45:36,651 [INFO] ApiDb:274 - Set plugin database path to: /opt/st/stm32cubeide_1.19.0/plugins/com.st.stm32cube.common.mx_6.15.0.202507011659//db//plugins/boardmanager/
2025-07-26 15:45:36,651 [INFO] ApiDb:261 - Set plugin images path to: /opt/st/stm32cubeide_1.19.0/plugins/com.st.stm32cube.common.mx_6.15.0.202507011659//db//plugins/mcufinder/images/
2025-07-26 15:45:36,651 [WARN] DbFile:41 - Overriding database path with different value: /home/sj/.stmcufinder/plugins/mcufinder/ => /home/sj/.stmcufinder/plugins/mcufinder
2025-07-26 15:45:36,651 [INFO] ApiDb:250 - Set database path to: /home/sj/.stmcufinder/plugins/mcufinder//mcu/
2025-07-26 15:45:36,651 [WARN] DbFile:41 - Overriding database path with different value: /home/sj/.stmcufinder/plugins/mcufinder/ => /home/sj/.stmcufinder/plugins/mcufinder
2025-07-26 15:45:36,651 [INFO] DbMcusAds:125 - Set database path to: /home/sj/.stmcufinder/plugins/mcufinder//mcu/
2025-07-26 15:45:36,651 [WARN] DbFile:41 - Overriding database path with different value: /home/sj/.stmcufinder/plugins/mcufinder/ => /home/sj/.stmcufinder/plugins/mcufinder
2025-07-26 15:45:36,651 [WARN] DbFile:41 - Overriding database path with different value: /home/sj/.stmcufinder/plugins/mcufinder/ => /home/sj/.stmcufinder/plugins/mcufinder
2025-07-26 15:45:36,651 [INFO] CrossReferenceDbSqlite:203 - Set database path to: /home/sj/.stmcufinder/plugins/mcufinder//mcu/cs/
2025-07-26 15:45:36,699 [INFO] MainPanel:274 - HeapMemory: 268435456
2025-07-26 15:45:36,796 [INFO] DbMcusXml:78 - Set database path to: /opt/st/stm32cubeide_1.19.0/plugins/com.st.stm32cube.common.mx_6.15.0.202507011659//db//mcu/
2025-07-26 15:45:36,796 [INFO] ApiDb:274 - Set plugin database path to: /opt/st/stm32cubeide_1.19.0/plugins/com.st.stm32cube.common.mx_6.15.0.202507011659//db//plugins/boardmanager/
2025-07-26 15:45:36,796 [INFO] ApiDb:261 - Set plugin images path to: /opt/st/stm32cubeide_1.19.0/plugins/com.st.stm32cube.common.mx_6.15.0.202507011659//db//plugins/mcufinder/images/
2025-07-26 15:45:36,797 [WARN] DbFile:41 - Overriding database path with different value: /home/sj/.stmcufinder/plugins/mcufinder/ => /home/sj/.stmcufinder/plugins/mcufinder
2025-07-26 15:45:36,797 [INFO] ApiDb:250 - Set database path to: /home/sj/.stmcufinder/plugins/mcufinder//mcu/
2025-07-26 15:45:36,797 [WARN] DbFile:41 - Overriding database path with different value: /home/sj/.stmcufinder/plugins/mcufinder/ => /home/sj/.stmcufinder/plugins/mcufinder
2025-07-26 15:45:36,797 [INFO] DbMcusAds:125 - Set database path to: /home/sj/.stmcufinder/plugins/mcufinder//mcu/
2025-07-26 15:45:36,797 [WARN] DbFile:41 - Overriding database path with different value: /home/sj/.stmcufinder/plugins/mcufinder/ => /home/sj/.stmcufinder/plugins/mcufinder
2025-07-26 15:45:36,797 [WARN] DbFile:41 - Overriding database path with different value: /home/sj/.stmcufinder/plugins/mcufinder/ => /home/sj/.stmcufinder/plugins/mcufinder
2025-07-26 15:45:36,797 [INFO] CrossReferenceDbSqlite:203 - Set database path to: /home/sj/.stmcufinder/plugins/mcufinder//mcu/cs/
2025-07-26 15:45:36,808 [INFO] ApplicationProperties:184 - Using Application install path: /opt/st/stm32cubeide_1.19.0/plugins/com.st.stm32cube.common.mx_6.15.0.202507011659
2025-07-26 15:45:36,809 [INFO] PluginManage:196 - Search for loadable plugins [exclusion list=, ]
2025-07-26 15:45:36,809 [INFO] PluginManage:310 - Check plugin analytics
2025-07-26 15:45:36,933 [INFO] AnalyticsPlugin:253 - Accepted Software Licenses: 
2025-07-26 15:45:36,933 [INFO] AnalyticsPlugin:255 - Accepted CMSIS Pack Licenses: 
2025-07-26 15:45:36,933 [INFO] AnalyticsPlugin:257 - Accepted Firmware Licenses: 
2025-07-26 15:45:36,935 [INFO] PluginManage:359 - Loaded plugin analytics (category:tool,tabindex:-1)
2025-07-26 15:45:36,936 [INFO] PluginManage:310 - Check plugin cadmodel
2025-07-26 15:45:36,940 [INFO] CADModel:105 - Init CAD model plugin
2025-07-26 15:45:36,940 [INFO] PluginManage:359 - Loaded plugin cadmodel (category:power,tabindex:5)
2025-07-26 15:45:36,941 [INFO] PluginManage:310 - Check plugin clock
2025-07-26 15:45:36,948 [INFO] PluginManage:359 - Loaded plugin clock (category:base,tabindex:2)
2025-07-26 15:45:36,949 [INFO] PluginManage:310 - Check plugin ddr
2025-07-26 15:45:36,951 [INFO] PluginManage:359 - Loaded plugin ddr (category:tool,tabindex:6)
2025-07-26 15:45:36,951 [INFO] PluginManage:310 - Check plugin filemanager
2025-07-26 15:45:37,062 [INFO] PluginManage:359 - Loaded plugin filemanager (category:base,tabindex:10)
2025-07-26 15:45:37,062 [INFO] PluginManage:310 - Check plugin ipmanager
2025-07-26 15:45:37,066 [INFO] PluginManage:359 - Loaded plugin ipmanager (category:base,tabindex:5)
2025-07-26 15:45:37,066 [INFO] PluginManage:310 - Check plugin lpbam
2025-07-26 15:45:37,072 [INFO] PluginManage:359 - Loaded plugin lpbam (category:base,tabindex:0)
2025-07-26 15:45:37,072 [INFO] PluginManage:310 - Check plugin memorymap
2025-07-26 15:45:37,081 [INFO] PluginManage:359 - Loaded plugin memorymap (category:base,tabindex:4)
2025-07-26 15:45:37,081 [INFO] PluginManage:310 - Check plugin pinoutandconfiguration
2025-07-26 15:45:37,087 [INFO] PluginManage:359 - Loaded plugin pinoutandconfiguration (category:base,tabindex:1)
2025-07-26 15:45:37,087 [INFO] PluginManage:310 - Check plugin pinoutconfig
2025-07-26 15:45:37,154 [WARN] SupportedApi:132 - Cannot load RTOS API schema: s4s-elt-must-match.1: The content of 'definitions' must match (annotation?, (simpleType | complexType)?, (unique | key | keyref)*)). A problem was found starting at: attribute.
2025-07-26 15:45:37,248 [INFO] PluginManage:359 - Loaded plugin pinoutconfig (category:base,tabindex:0)
2025-07-26 15:45:37,248 [INFO] PluginManage:310 - Check plugin power
2025-07-26 15:45:37,256 [INFO] PluginManage:359 - Loaded plugin power (category:power,tabindex:4)
2025-07-26 15:45:37,256 [INFO] PluginManage:310 - Check plugin projectmanager
2025-07-26 15:45:37,268 [INFO] PluginManage:359 - Loaded plugin projectmanager (category:projectmanager,tabindex:4)
2025-07-26 15:45:37,269 [INFO] PluginManage:310 - Check plugin rif
2025-07-26 15:45:37,277 [INFO] PluginManage:359 - Loaded plugin rif (category:base,tabindex:3)
2025-07-26 15:45:37,277 [INFO] PluginManage:310 - Check plugin thirdparty
2025-07-26 15:45:37,378 [INFO] PluginManage:359 - Loaded plugin thirdparty (category:base,tabindex:-1)
2025-07-26 15:45:37,378 [WARN] IntegrityCheckThread:84 - waiting for thirdparty lock release [integrity check]
2025-07-26 15:45:37,379 [INFO] PluginManage:310 - Check plugin tools
2025-07-26 15:45:37,379 [INFO] IntegrityCheckThread:86 - entering critical section [integrity check]
2025-07-26 15:45:37,379 [INFO] ThirdPartyUpdaterWithRetryManager:70 - Updater plugin not ready yet. [1/15]
2025-07-26 15:45:37,382 [INFO] PluginManage:359 - Loaded plugin tools (category:base,tabindex:7)
2025-07-26 15:45:37,383 [INFO] PluginManage:310 - Check plugin tutovideos
2025-07-26 15:45:37,593 [INFO] PluginManage:359 - Loaded plugin tutovideos (category:base,tabindex:-1)
2025-07-26 15:45:37,594 [INFO] PluginManage:310 - Check plugin updater
2025-07-26 15:45:37,615 [INFO] PluginManage:359 - Loaded plugin updater (category:base,tabindex:12)
2025-07-26 15:45:37,615 [INFO] PluginManage:310 - Check plugin userauth
2025-07-26 15:45:37,619 [INFO] UserAuth:118 - Init User Auth plugin
2025-07-26 15:45:37,620 [INFO] PluginManage:359 - Loaded plugin userauth (category:base,tabindex:14)
2025-07-26 15:45:37,620 [INFO] PluginManage:283 - PluginManage : Loaded plugins [18]
2025-07-26 15:45:37,822 [INFO] PinOutPanel:1589 - setPackage(No Configuration,No Configuration)
2025-07-26 15:45:37,900 [INFO] CADModel:165 - CPN selected for project level
2025-07-26 15:45:37,900 [INFO] CADModel:114 - Register for checkConnection events
2025-07-26 15:45:37,913 [INFO] IPUIPlugin:80 - create IPUIPlugin
2025-07-26 15:45:37,913 [INFO] PluginManager:220 - loadIPPluginJar : add dma3
2025-07-26 15:45:37,916 [INFO] IPUIPlugin:80 - create IPUIPlugin
2025-07-26 15:45:37,916 [INFO] PluginManager:220 - loadIPPluginJar : add dfsdm
2025-07-26 15:45:37,919 [INFO] IPUIPlugin:80 - create IPUIPlugin
2025-07-26 15:45:37,919 [INFO] PluginManager:220 - loadIPPluginJar : add openamp
2025-07-26 15:45:37,927 [INFO] IPUIPlugin:80 - create IPUIPlugin
2025-07-26 15:45:37,930 [INFO] PluginManager:220 - loadIPPluginJar : add plateformsettings
2025-07-26 15:45:37,936 [INFO] IPUIPlugin:80 - create IPUIPlugin
2025-07-26 15:45:37,936 [INFO] PluginManager:220 - loadIPPluginJar : add gfxmmu
2025-07-26 15:45:37,938 [INFO] IPUIPlugin:80 - create IPUIPlugin
2025-07-26 15:45:37,938 [INFO] PluginManager:220 - loadIPPluginJar : add tsc
2025-07-26 15:45:37,941 [INFO] IPUIPlugin:80 - create IPUIPlugin
2025-07-26 15:45:37,941 [INFO] PluginManager:220 - loadIPPluginJar : add pdm2pcm
2025-07-26 15:45:37,949 [INFO] IPUIPlugin:80 - create IPUIPlugin
2025-07-26 15:45:37,949 [INFO] PluginManager:220 - loadIPPluginJar : add adc
2025-07-26 15:45:37,953 [INFO] IPUIPlugin:80 - create IPUIPlugin
2025-07-26 15:45:37,953 [INFO] PluginManager:220 - loadIPPluginJar : add i3c
2025-07-26 15:45:37,958 [INFO] IPUIPlugin:80 - create IPUIPlugin
2025-07-26 15:45:37,958 [INFO] PluginManager:220 - loadIPPluginJar : add fmc
2025-07-26 15:45:37,961 [INFO] IPUIPlugin:80 - create IPUIPlugin
2025-07-26 15:45:37,961 [INFO] PluginManager:220 - loadIPPluginJar : add cryp
2025-07-26 15:45:37,963 [INFO] IPUIPlugin:80 - create IPUIPlugin
2025-07-26 15:45:37,964 [INFO] PluginManager:220 - loadIPPluginJar : add radio
2025-07-26 15:45:37,967 [INFO] IPUIPlugin:80 - create IPUIPlugin
2025-07-26 15:45:37,967 [INFO] PluginManager:220 - loadIPPluginJar : add extmemmanager
2025-07-26 15:45:37,970 [INFO] IPUIPlugin:80 - create IPUIPlugin
2025-07-26 15:45:37,970 [INFO] PluginManager:220 - loadIPPluginJar : add tracer_emb
2025-07-26 15:45:37,974 [INFO] IPUIPlugin:80 - create IPUIPlugin
2025-07-26 15:45:37,974 [INFO] PluginManager:220 - loadIPPluginJar : add i2c
2025-07-26 15:45:37,976 [INFO] IPUIPlugin:80 - create IPUIPlugin
2025-07-26 15:45:37,976 [INFO] PluginManager:220 - loadIPPluginJar : add ltdc
2025-07-26 15:45:37,979 [INFO] IPUIPlugin:80 - create IPUIPlugin
2025-07-26 15:45:37,979 [INFO] PluginManager:220 - loadIPPluginJar : add ts
2025-07-26 15:45:37,980 [INFO] IPUIPlugin:80 - create IPUIPlugin
2025-07-26 15:45:37,981 [INFO] PluginManager:220 - loadIPPluginJar : add genericplugin
2025-07-26 15:45:37,984 [INFO] IPUIPlugin:80 - create IPUIPlugin
2025-07-26 15:45:37,984 [INFO] PluginManager:220 - loadIPPluginJar : add lorawan
2025-07-26 15:45:37,991 [INFO] IPUIPlugin:80 - create IPUIPlugin
2025-07-26 15:45:37,992 [INFO] PluginManager:220 - loadIPPluginJar : add gpio
2025-07-26 15:45:37,999 [INFO] IPUIPlugin:80 - create IPUIPlugin
2025-07-26 15:45:38,000 [INFO] PluginManager:220 - loadIPPluginJar : add mdma
2025-07-26 15:45:38,003 [INFO] IPUIPlugin:80 - create IPUIPlugin
2025-07-26 15:45:38,004 [INFO] PluginManager:220 - loadIPPluginJar : add ddr_ctrl_phy
2025-07-26 15:45:38,009 [INFO] IPUIPlugin:80 - create IPUIPlugin
2025-07-26 15:45:38,010 [INFO] PluginManager:220 - loadIPPluginJar : add ipddr
2025-07-26 15:45:38,015 [INFO] IPUIPlugin:80 - create IPUIPlugin
2025-07-26 15:45:38,015 [INFO] PluginManager:220 - loadIPPluginJar : add nvic
2025-07-26 15:45:38,018 [INFO] IPUIPlugin:80 - create IPUIPlugin
2025-07-26 15:45:38,018 [INFO] PluginManager:220 - loadIPPluginJar : add sai
2025-07-26 15:45:38,023 [INFO] IPUIPlugin:80 - create IPUIPlugin
2025-07-26 15:45:38,024 [INFO] PluginManager:220 - loadIPPluginJar : add usbx
2025-07-26 15:45:38,031 [INFO] IPUIPlugin:80 - create IPUIPlugin
2025-07-26 15:45:38,031 [INFO] PluginManager:220 - loadIPPluginJar : add gic
2025-07-26 15:45:38,033 [INFO] IPUIPlugin:80 - create IPUIPlugin
2025-07-26 15:45:38,034 [INFO] PluginManager:220 - loadIPPluginJar : add spi
2025-07-26 15:45:38,037 [INFO] IPUIPlugin:80 - create IPUIPlugin
2025-07-26 15:45:38,037 [INFO] PluginManager:220 - loadIPPluginJar : add usart
2025-07-26 15:45:38,045 [INFO] IPUIPlugin:80 - create IPUIPlugin
2025-07-26 15:45:38,045 [INFO] PluginManager:220 - loadIPPluginJar : add linkedlist
2025-07-26 15:45:38,049 [INFO] IPUIPlugin:80 - create IPUIPlugin
2025-07-26 15:45:38,049 [INFO] PluginManager:220 - loadIPPluginJar : add touchsensing
2025-07-26 15:45:38,051 [INFO] IPUIPlugin:80 - create IPUIPlugin
2025-07-26 15:45:38,051 [INFO] PluginManager:220 - loadIPPluginJar : add ucpd
2025-07-26 15:45:38,053 [INFO] IPUIPlugin:80 - create IPUIPlugin
2025-07-26 15:45:38,053 [INFO] PluginManager:220 - loadIPPluginJar : add comp
2025-07-26 15:45:38,054 [INFO] IPUIPlugin:80 - create IPUIPlugin
2025-07-26 15:45:38,054 [INFO] PluginManager:220 - loadIPPluginJar : add quadspi
2025-07-26 15:45:38,056 [INFO] IPUIPlugin:80 - create IPUIPlugin
2025-07-26 15:45:38,056 [INFO] PluginManager:220 - loadIPPluginJar : add can
2025-07-26 15:45:38,065 [INFO] IPUIPlugin:80 - create IPUIPlugin
2025-07-26 15:45:38,066 [INFO] PluginManager:220 - loadIPPluginJar : add stm32_wpan
2025-07-26 15:45:38,067 [INFO] IPUIPlugin:80 - create IPUIPlugin
2025-07-26 15:45:38,068 [INFO] PluginManager:220 - loadIPPluginJar : add tim
2025-07-26 15:45:38,071 [INFO] IPUIPlugin:80 - create IPUIPlugin
2025-07-26 15:45:38,072 [INFO] PluginManager:220 - loadIPPluginJar : add gtzc
2025-07-26 15:45:38,074 [INFO] IPUIPlugin:80 - create IPUIPlugin
2025-07-26 15:45:38,074 [INFO] PluginManager:220 - loadIPPluginJar : add i2s
2025-07-26 15:45:38,077 [INFO] IPUIPlugin:80 - create IPUIPlugin
2025-07-26 15:45:38,077 [INFO] PluginManager:220 - loadIPPluginJar : add fatfs
2025-07-26 15:45:38,079 [INFO] IPUIPlugin:80 - create IPUIPlugin
2025-07-26 15:45:38,080 [INFO] PluginManager:220 - loadIPPluginJar : add hash
2025-07-26 15:45:38,082 [INFO] IPUIPlugin:80 - create IPUIPlugin
2025-07-26 15:45:38,083 [INFO] PluginManager:220 - loadIPPluginJar : add aes
2025-07-26 15:45:38,087 [INFO] IPUIPlugin:80 - create IPUIPlugin
2025-07-26 15:45:38,087 [INFO] PluginManager:220 - loadIPPluginJar : add resmgrutility
2025-07-26 15:45:38,094 [INFO] IPUIPlugin:80 - create IPUIPlugin
2025-07-26 15:45:38,095 [INFO] PluginManager:220 - loadIPPluginJar : add dma
2025-07-26 15:45:38,099 [INFO] IPUIPlugin:80 - create IPUIPlugin
2025-07-26 15:45:38,099 [INFO] PluginManager:220 - loadIPPluginJar : add opamp
2025-07-26 15:45:38,105 [INFO] IPUIPlugin:80 - create IPUIPlugin
2025-07-26 15:45:38,106 [INFO] PluginManager:220 - loadIPPluginJar : add freertos
2025-07-26 15:45:38,216 [FATAL] Updater:351 - Updater called before beeing initialized
2025-07-26 15:45:38,248 [INFO] RulesReader:64 - Compatibility file has been processed (317 Rules)
2025-07-26 15:45:38,261 [INFO] RulesReader:64 - Compatibility file has been processed (317 Rules)
2025-07-26 15:45:38,270 [INFO] CADModel:165 - CPN selected for project level
2025-07-26 15:45:38,270 [INFO] CADModel:114 - Register for checkConnection events
2025-07-26 15:45:38,270 [FATAL] Updater:351 - Updater called before beeing initialized
2025-07-26 15:45:38,270 [ERROR] CADModel:125 - Updater not yet initialized, retry later 
2025-07-26 15:45:38,402 [FATAL] Updater:351 - Updater called before beeing initialized
2025-07-26 15:45:38,404 [INFO] CADModel:165 - CPN selected for project level
2025-07-26 15:45:38,404 [INFO] CADModel:114 - Register for checkConnection events
2025-07-26 15:45:38,404 [FATAL] Updater:351 - Updater called before beeing initialized
2025-07-26 15:45:38,404 [ERROR] CADModel:125 - Updater not yet initialized, retry later 
2025-07-26 15:45:38,407 [FATAL] Updater:351 - Updater called before beeing initialized
2025-07-26 15:45:38,492 [FATAL] Updater:351 - Updater called before beeing initialized
2025-07-26 15:45:38,496 [INFO] DbMcusAds:53 - JSON generation date=Tue Jul 08 11:14:23 TRT 2025 (1751962463562)
2025-07-26 15:45:38,497 [FATAL] Updater:351 - Updater called before beeing initialized
2025-07-26 15:45:38,537 [WARN] DetailPanel:346 - Failed to get advertising image, set to default
2025-07-26 15:45:38,626 [FATAL] Updater:351 - Updater called before beeing initialized
2025-07-26 15:45:38,628 [FATAL] Updater:351 - Updater called before beeing initialized
2025-07-26 15:45:38,628 [FATAL] Updater:351 - Updater called before beeing initialized
2025-07-26 15:45:38,628 [WARN] DetailPanel:346 - Failed to get advertising image, set to default
2025-07-26 15:45:38,630 [FATAL] Updater:351 - Updater called before beeing initialized
2025-07-26 15:45:38,663 [ERROR] Updater:1198 - MainUpdater not yet initialized. External WinMGr cannot be set.
2025-07-26 15:45:38,665 [INFO] Updater:1134 - Updater Version found : 6.15.0
2025-07-26 15:45:38,685 [INFO] ApplicationProperties:184 - Using Application install path: /opt/st/stm32cubeide_1.19.0/plugins/com.st.stm32cube.common.mx_6.15.0.202507011659
2025-07-26 15:45:38,716 [INFO] MainUpdater:525 - Copy updater definitions from MX database
2025-07-26 15:45:38,924 [INFO] MainUpdater:2872 - connection check result : 10
2025-07-26 15:45:38,924 [INFO] MainUpdater:3604 - Updater definition file requires update
2025-07-26 15:45:38,925 [INFO] MainUpdater:289 - Updater Check For Update Now.
2025-07-26 15:45:38,925 [INFO] MicroXplorer:498 - Change Database Version : DB.6.0.150
2025-07-26 15:45:38,929 [INFO] McuFinderGlobals:63 - Set McuFinder mode to 2 (CubeIDE integrated)
2025-07-26 15:45:38,930 [INFO] UserAuth:487 - Internet connection configuration mode: 1
2025-07-26 15:45:38,947 [INFO] JxBrowserEngine:152 - Initiate JxBrowser Engine with user profile folder
2025-07-26 15:45:38,951 [INFO] ServerAccessManage:452 - Complete download http(s) 200
2025-07-26 15:45:38,951 [INFO] ServerAccessManage:509 - Download File updaters.zip
2025-07-26 15:45:39,051 [INFO] FileExtend:248 - Unzip File : updaters.zip
2025-07-26 15:45:39,051 [INFO] FileExtend:263 - Standard Zip Deflate
2025-07-26 15:45:39,210 [INFO] ServerAccessManage:452 - Complete download http(s) 200
2025-07-26 15:45:39,210 [INFO] ServerAccessManage:509 - Download File PacksControlFlags.xml
2025-07-26 15:45:39,277 [INFO] ServerAccessManage:452 - Complete download http(s) 200
2025-07-26 15:45:39,278 [INFO] ServerAccessManage:509 - Download File cubemx.pidx
2025-07-26 15:45:39,358 [INFO] LoadServerUpdatesThread:375 - End of LoadServerUpdate Thread
2025-07-26 15:45:39,512 [INFO] CheckServerUpdateThread:120 - End of CheckServer Thread
2025-07-26 15:45:39,915 [INFO] WebApp:169 - Instantiating new browser for Auth
2025-07-26 15:45:40,503 [WARN] PackLoader:240 - Cannot read IP mode file for STMicroelectronics.FP-SNS-MOTENVWB1.1.4.0
2025-07-26 15:45:40,518 [WARN] PackLoader:240 - Cannot read IP mode file for STMicroelectronics.X-CUBE-SMBUS.2.1.0
2025-07-26 15:45:40,524 [WARN] PackLoader:240 - Cannot read IP mode file for STMicroelectronics.X-CUBE-ST60.1.0.0
2025-07-26 15:45:40,576 [WARN] PackLoader:240 - Cannot read IP mode file for STMicroelectronics.X-CUBE-AZRTOS-F7.1.1.0
2025-07-26 15:45:40,634 [WARN] PackLoader:240 - Cannot read IP mode file for Infineon.AIROC-Wi-Fi-Bluetooth-STM32.1.7.1
2025-07-26 15:45:40,683 [WARN] PackLoader:240 - Cannot read IP mode file for STMicroelectronics.X-CUBE-AZRTOS-H7.3.4.0
2025-07-26 15:45:40,701 [WARN] PackLoader:240 - Cannot read IP mode file for STMicroelectronics.X-CUBE-DISPLAY.3.0.0
2025-07-26 15:45:40,702 [INFO] WebApp:463 - Apply proxy settings
2025-07-26 15:45:40,703 [INFO] WebApp:548 - Chromium requires no authentication
2025-07-26 15:45:40,712 [INFO] WebApp:491 - Direct internet connection detected
2025-07-26 15:45:40,715 [WARN] PackLoader:240 - Cannot read IP mode file for STMicroelectronics.X-CUBE-NFC10.1.0.0
2025-07-26 15:45:40,722 [WARN] PackLoader:240 - Cannot read IP mode file for emotas.I-CUBE-CANOPEN.1.3.0
2025-07-26 15:45:40,725 [WARN] ConditionMgr:438 - getConditionDescription Invalid condition id : Cortex-A Device cause : null
2025-07-26 15:45:40,735 [WARN] ConditionMgr:1044 - genDependencies : Invalid condition id : Cortex-A Device cause : null
2025-07-26 15:45:40,735 [INFO] WebApp:900 - Register for checkConnection events
2025-07-26 15:45:40,735 [WARN] ConditionMgr:1044 - genDependencies : Invalid condition id : Cortex-A Device cause : null
2025-07-26 15:45:40,735 [WARN] ConditionMgr:1044 - genDependencies : Invalid condition id : Cortex-A Device cause : null
2025-07-26 15:45:40,735 [INFO] WebApp:463 - Apply proxy settings
2025-07-26 15:45:40,735 [INFO] WebApp:548 - Chromium requires no authentication
2025-07-26 15:45:40,736 [INFO] WebApp:491 - Direct internet connection detected
2025-07-26 15:45:40,738 [WARN] PackLoader:240 - Cannot read IP mode file for STMicroelectronics.FP-SNS-SMARTAG2.1.2.0
2025-07-26 15:45:40,747 [INFO] LogOutputStream:77 - [STDOUT_REDIRECT] 1 : Invalid condition id : UX_CORESTACK_Condition cause : null
2025-07-26 15:45:40,748 [INFO] LogOutputStream:77 - [STDOUT_REDIRECT] 1 : Invalid condition id : UX_CORESTACK_Condition cause : null
2025-07-26 15:45:40,748 [INFO] LogOutputStream:77 - [STDOUT_REDIRECT] 1 : Invalid condition id : UX_CORESTACK_Condition cause : null
2025-07-26 15:45:40,748 [INFO] LogOutputStream:77 - [STDOUT_REDIRECT] 1 : Invalid condition id : UX_CORESTACK_Condition cause : null
2025-07-26 15:45:40,749 [INFO] LogOutputStream:77 - [STDOUT_REDIRECT] 1 : Invalid condition id : UX_CORESTACK_Condition cause : null
2025-07-26 15:45:40,752 [WARN] PackLoader:240 - Cannot read IP mode file for STMicroelectronics.X-CUBE-AZRTOS-WL.2.0.0
2025-07-26 15:45:40,757 [WARN] PackLoader:240 - Cannot read IP mode file for STMicroelectronics.FP-SNS-MOTENV1.5.0.0
2025-07-26 15:45:40,766 [WARN] PackLoader:240 - Cannot read IP mode file for WES.I-CUBE-Cesium.1.3.0
2025-07-26 15:45:40,770 [WARN] PackLoader:240 - Cannot read IP mode file for STMicroelectronics.X-CUBE-BLE2.3.3.0
2025-07-26 15:45:40,777 [WARN] PackLoader:240 - Cannot read IP mode file for STMicroelectronics.X-CUBE-NFC9.1.0.0
2025-07-26 15:45:40,782 [WARN] PackLoader:240 - Cannot read IP mode file for wolfSSL.I-CUBE-wolfSSL.5.8.0
2025-07-26 15:45:40,785 [WARN] PackLoader:240 - Cannot read IP mode file for wolfSSL.I-CUBE-wolfMQTT.1.19.2
2025-07-26 15:45:40,790 [WARN] PackLoader:240 - Cannot read IP mode file for STMicroelectronics.X-CUBE-EEPRMA1.5.2.0
2025-07-26 15:45:40,809 [WARN] PackLoader:240 - Cannot read IP mode file for STMicroelectronics.X-CUBE-AZRTOS-G0.1.1.0
2025-07-26 15:45:40,816 [WARN] PackLoader:240 - Cannot read IP mode file for STMicroelectronics.X-CUBE-SAFEA1.1.2.2
2025-07-26 15:45:40,821 [WARN] PackLoader:240 - Cannot read IP mode file for STMicroelectronics.X-CUBE-NFC4.3.0.0
2025-07-26 15:45:40,829 [WARN] PackLoader:240 - Cannot read IP mode file for EmbeddedOffice.I-CUBE-FS-RTOS.1.0.1
2025-07-26 15:45:40,833 [WARN] PackLoader:240 - Cannot read IP mode file for STMicroelectronics.X-CUBE-WB05N.2.0.0
2025-07-26 15:45:40,836 [WARN] PackLoader:240 - Cannot read IP mode file for wolfSSL.I-CUBE-wolfTPM.3.8.0
2025-07-26 15:45:40,841 [WARN] PackLoader:240 - Cannot read IP mode file for STMicroelectronics.X-CUBE-TCPP.4.2.0
2025-07-26 15:45:40,845 [WARN] PackLoader:240 - Cannot read IP mode file for RealThread.X-CUBE-RT-Thread_Nano.4.1.1
2025-07-26 15:45:40,848 [WARN] PackLoader:240 - Cannot read IP mode file for STMicroelectronics.FP-ATR-SIGFOX1.3.2.0
2025-07-26 15:45:40,852 [WARN] PackLoader:240 - Cannot read IP mode file for ITTIA_DB.I-CUBE-ITTIADB.8.9.0
2025-07-26 15:45:40,856 [WARN] PackLoader:240 - Cannot read IP mode file for STMicroelectronics.X-CUBE-ST67W61.1.0.0
2025-07-26 15:45:40,881 [WARN] PackLoader:240 - Cannot read IP mode file for SEGGER.I-CUBE-embOS.1.3.1
2025-07-26 15:45:40,885 [INFO] WebApp:225 - Starting web application
2025-07-26 15:45:40,886 [INFO] WebApp:593 - Web application path used /opt/st/stm32cubeide_1.19.0/plugins/com.st.stm32cube.common.mx_6.15.0.202507011659/db/plugins/mcufinder/reactClient1/index.html
2025-07-26 15:45:40,945 [WARN] PackLoader:240 - Cannot read IP mode file for STMicroelectronics.X-CUBE-ALGOBUILD.1.4.0
2025-07-26 15:45:41,000 [WARN] PackLoader:240 - Cannot read IP mode file for STMicroelectronics.X-CUBE-MEMS1.11.3.0
2025-07-26 15:45:41,034 [INFO] WebApp:191 - Connection restablished
2025-07-26 15:45:41,053 [INFO] UserAuth:487 - Internet connection configuration mode: 1
2025-07-26 15:45:41,195 [WARN] PackLoader:240 - Cannot read IP mode file for STMicroelectronics.X-CUBE-PM33A1.1.0.0
2025-07-26 15:45:41,209 [WARN] PackLoader:240 - Cannot read IP mode file for STMicroelectronics.X-CUBE-AZRTOS-F4.1.1.0
2025-07-26 15:45:41,214 [WARN] PackLoader:240 - Cannot read IP mode file for Avnet-IotConnect.X-CUBE-IoTC-DA16k-PMOD.1.0.0
2025-07-26 15:45:41,216 [WARN] PackLoader:240 - Cannot read IP mode file for STMicroelectronics.X-CUBE-ISPU.2.1.0
2025-07-26 15:45:41,221 [WARN] PackLoader:240 - Cannot read IP mode file for STMicroelectronics.X-CUBE-NFC12.1.0.0
2025-07-26 15:45:41,235 [WARN] PackLoader:240 - Cannot read IP mode file for STMicroelectronics.X-CUBE-AZRTOS-L5.2.0.0
2025-07-26 15:45:41,243 [WARN] PackLoader:240 - Cannot read IP mode file for STMicroelectronics.X-CUBE-NFC6.3.1.0
2025-07-26 15:45:41,249 [WARN] PackLoader:240 - Cannot read IP mode file for STMicroelectronics.X-CUBE-FREERTOS.1.3.1
2025-07-26 15:45:41,253 [WARN] PackLoader:240 - Cannot read IP mode file for STMicroelectronics.X-CUBE-DPower.1.3.0
2025-07-26 15:45:41,268 [WARN] ConditionMgr:438 - getConditionDescription Invalid condition id : LAN8742 Phy interface Condition cause : null
2025-07-26 15:45:41,268 [WARN] PackLoader:240 - Cannot read IP mode file for STMicroelectronics.X-CUBE-AZRTOS-L4.2.0.0
2025-07-26 15:45:41,270 [WARN] ConditionMgr:1044 - genDependencies : Invalid condition id : LAN8742 Phy interface Condition cause : null
2025-07-26 15:45:41,270 [WARN] ConditionMgr:1044 - genDependencies : Invalid condition id : LAN8742 Phy interface Condition cause : null
2025-07-26 15:45:41,270 [WARN] ConditionMgr:1044 - genDependencies : Invalid condition id : LAN8742 Phy interface Condition cause : null
2025-07-26 15:45:41,277 [WARN] PackLoader:240 - Cannot read IP mode file for STMicroelectronics.X-CUBE-SFXS2LP1.4.0.0
2025-07-26 15:45:41,286 [WARN] PackLoader:240 - Cannot read IP mode file for STMicroelectronics.X-CUBE-BLEMGR.4.1.0
2025-07-26 15:45:41,301 [WARN] ConditionMgr:438 - getConditionDescription Invalid condition id : UX DEVICE CLASS RTOS Condition cause : null
2025-07-26 15:45:41,301 [WARN] ConditionMgr:438 - getConditionDescription Invalid condition id : UX DEVICE CLASS RTOS Condition cause : null
2025-07-26 15:45:41,303 [WARN] PackLoader:240 - Cannot read IP mode file for STMicroelectronics.X-CUBE-AZRTOS-WB.2.0.0
2025-07-26 15:45:41,304 [WARN] ConditionMgr:1044 - genDependencies : Invalid condition id : UX DEVICE CLASS RTOS Condition cause : null
2025-07-26 15:45:41,305 [WARN] ConditionMgr:1044 - genDependencies : Invalid condition id : UX DEVICE CLASS RTOS Condition cause : null
2025-07-26 15:45:41,305 [WARN] ConditionMgr:1044 - genDependencies : Invalid condition id : UX DEVICE CLASS RTOS Condition cause : null
2025-07-26 15:45:41,305 [WARN] ConditionMgr:1044 - genDependencies : Invalid condition id : UX DEVICE CLASS RTOS Condition cause : null
2025-07-26 15:45:41,305 [WARN] ConditionMgr:1044 - genDependencies : Invalid condition id : UX DEVICE CLASS RTOS Condition cause : null
2025-07-26 15:45:41,311 [WARN] PackLoader:240 - Cannot read IP mode file for STMicroelectronics.X-CUBE-GNSS1.7.0.1
2025-07-26 15:45:41,316 [WARN] PackLoader:240 - Cannot read IP mode file for STMicroelectronics.X-CUBE-TOUCHGFX.4.25.0
2025-07-26 15:45:41,326 [WARN] PackLoader:240 - Cannot read IP mode file for STMicroelectronics.X-CUBE-SUBG2.5.0.0
2025-07-26 15:45:41,348 [WARN] PackLoader:240 - Cannot read IP mode file for STMicroelectronics.X-CUBE-AZRTOS-H7RS.1.1.0
2025-07-26 15:45:41,353 [WARN] PackLoader:240 - Cannot read IP mode file for Cesanta.I-CUBE-Mongoose.7.13.0
2025-07-26 15:45:41,364 [WARN] PackLoader:240 - Cannot read IP mode file for STMicroelectronics.X-CUBE-AZRTOS-G4.2.0.0
2025-07-26 15:45:41,370 [WARN] PackLoader:240 - Cannot read IP mode file for wolfSSL.I-CUBE-wolfSSH.1.4.20
2025-07-26 15:45:41,374 [WARN] PackLoader:240 - Cannot read IP mode file for STMicroelectronics.X-CUBE-NFC7.2.0.0
2025-07-26 15:45:41,386 [WARN] PackLoader:240 - Cannot read IP mode file for STMicroelectronics.X-CUBE-IPS.3.1.0
2025-07-26 15:45:41,393 [WARN] PackLoader:240 - Cannot read IP mode file for STMicroelectronics.X-CUBE-ALS.1.0.2
2025-07-26 15:45:41,396 [WARN] PackLoader:240 - Cannot read IP mode file for portGmbH.I-Cube-SoM-uGOAL.1.1.0
2025-07-26 15:45:41,404 [WARN] PackLoader:240 - Cannot read IP mode file for STMicroelectronics.X-CUBE-TOF1.3.4.3
2025-07-26 15:45:41,416 [INFO] ThirdParty:978 - Integrity check success = true
2025-07-26 15:45:41,416 [INFO] IntegrityCheckThread:100 - exiting critical section [integrity check]
2025-07-26 15:45:41,416 [INFO] IntegrityCheckThread:103 - End integrity checks thread
2025-07-26 16:26:08,263 [ERROR] LogOutputStream:75 - [STDERR_REDIRECT] 
